<?xml version="1.0" encoding="UTF-8"?>
<testsuites tests="7" failures="0" errors="0" skipped="0">
  <testsuite name="UC 1 Product Details Verification" timestamp="2026-03-30T01:43:31" time="13.956" tests="3" failures="0" errors="0" skipped="0">
    <properties>
      <property name="specId" value="0"/>
      <property name="suiteName" value="UC-1 Product Details Verification"/>
      <property name="capabilities" value="chrome.146_0_7680_165.mac"/>
      <property name="file" value="file://./src/tests/specs/inventory.e2e.js"/>
    </properties>
    <testcase classname="chrome.146_0_7680_165.mac.UC-1_Product_Details_Verification" name="The Price should match on the Details Page" time="1.645">
      <system-out><![CDATA[
COMMAND: POST /session/7a23cf4d40d430c7102dd956682855a9/element/f.EE5116BD447F1FCBC6029AC3F00119F8.d.8FC315C317A28698342B7C905CD43267.e.3/clear - {}
RESULT: {}
COMMAND: POST /session/7a23cf4d40d430c7102dd956682855a9/element/f.EE5116BD447F1FCBC6029AC3F00119F8.d.8FC315C317A28698342B7C905CD43267.e.3/value - {"text":"standard_user"}
RESULT: {"text":"standard_user"}
COMMAND: POST /session/7a23cf4d40d430c7102dd956682855a9/element/f.EE5116BD447F1FCBC6029AC3F00119F8.d.8FC315C317A28698342B7C905CD43267.e.4/clear - {}
RESULT: {}
COMMAND: POST /session/7a23cf4d40d430c7102dd956682855a9/element/f.EE5116BD447F1FCBC6029AC3F00119F8.d.8FC315C317A28698342B7C905CD43267.e.4/value - {"text":"secret_sauce"}
RESULT: {"text":"secret_sauce"}
COMMAND: POST /session/7a23cf4d40d430c7102dd956682855a9/element/f.EE5116BD447F1FCBC6029AC3F00119F8.d.8FC315C317A28698342B7C905CD43267.e.5/click - {}
RESULT: {}
COMMAND: GET /session/7a23cf4d40d430c7102dd956682855a9/element/f.EE5116BD447F1FCBC6029AC3F00119F8.d.8FC315C317A28698342B7C905CD43267.e.35/text - {}
RESULT: {}
COMMAND: POST /session/7a23cf4d40d430c7102dd956682855a9/element/f.EE5116BD447F1FCBC6029AC3F00119F8.d.8FC315C317A28698342B7C905CD43267.e.38/click - {}
RESULT: {}
COMMAND: GET /session/7a23cf4d40d430c7102dd956682855a9/element/f.EE5116BD447F1FCBC6029AC3F00119F8.d.8FC315C317A28698342B7C905CD43267.e.41/text - {}
RESULT: {}
]]></system-out>
    </testcase>
    <testcase classname="chrome.146_0_7680_165.mac.UC-1_Product_Details_Verification" name="The Description should match on the Details Page" time="0.55">
      <system-out><![CDATA[
COMMAND: POST /session/7a23cf4d40d430c7102dd956682855a9/element/f.EE5116BD447F1FCBC6029AC3F00119F8.d.063E332ADD1E3C8CF7C5BD7273A69FCB.e.54/clear - {}
RESULT: {}
COMMAND: POST /session/7a23cf4d40d430c7102dd956682855a9/element/f.EE5116BD447F1FCBC6029AC3F00119F8.d.063E332ADD1E3C8CF7C5BD7273A69FCB.e.54/value - {"text":"standard_user"}
RESULT: {"text":"standard_user"}
COMMAND: POST /session/7a23cf4d40d430c7102dd956682855a9/element/f.EE5116BD447F1FCBC6029AC3F00119F8.d.063E332ADD1E3C8CF7C5BD7273A69FCB.e.55/clear - {}
RESULT: {}
COMMAND: POST /session/7a23cf4d40d430c7102dd956682855a9/element/f.EE5116BD447F1FCBC6029AC3F00119F8.d.063E332ADD1E3C8CF7C5BD7273A69FCB.e.55/value - {"text":"secret_sauce"}
RESULT: {"text":"secret_sauce"}
COMMAND: POST /session/7a23cf4d40d430c7102dd956682855a9/element/f.EE5116BD447F1FCBC6029AC3F00119F8.d.063E332ADD1E3C8CF7C5BD7273A69FCB.e.56/click - {}
RESULT: {}
COMMAND: GET /session/7a23cf4d40d430c7102dd956682855a9/element/f.EE5116BD447F1FCBC6029AC3F00119F8.d.063E332ADD1E3C8CF7C5BD7273A69FCB.e.80/text - {}
RESULT: {}
COMMAND: POST /session/7a23cf4d40d430c7102dd956682855a9/element/f.EE5116BD447F1FCBC6029AC3F00119F8.d.063E332ADD1E3C8CF7C5BD7273A69FCB.e.88/click - {}
RESULT: {}
COMMAND: GET /session/7a23cf4d40d430c7102dd956682855a9/element/f.EE5116BD447F1FCBC6029AC3F00119F8.d.063E332ADD1E3C8CF7C5BD7273A69FCB.e.89/text - {}
RESULT: {}
]]></system-out>
    </testcase>
    <testcase classname="chrome.146_0_7680_165.mac.UC-1_Product_Details_Verification" name="The item should be added to the cart from the Details Page" time="0.6">
      <system-out><![CDATA[
COMMAND: POST /session/7a23cf4d40d430c7102dd956682855a9/element/f.EE5116BD447F1FCBC6029AC3F00119F8.d.BBC95B599F6E07D0144196AA0C9B51B9.e.91/clear - {}
RESULT: {}
COMMAND: POST /session/7a23cf4d40d430c7102dd956682855a9/element/f.EE5116BD447F1FCBC6029AC3F00119F8.d.BBC95B599F6E07D0144196AA0C9B51B9.e.91/value - {"text":"standard_user"}
RESULT: {"text":"standard_user"}
COMMAND: POST /session/7a23cf4d40d430c7102dd956682855a9/element/f.EE5116BD447F1FCBC6029AC3F00119F8.d.BBC95B599F6E07D0144196AA0C9B51B9.e.92/clear - {}
RESULT: {}
COMMAND: POST /session/7a23cf4d40d430c7102dd956682855a9/element/f.EE5116BD447F1FCBC6029AC3F00119F8.d.BBC95B599F6E07D0144196AA0C9B51B9.e.92/value - {"text":"secret_sauce"}
RESULT: {"text":"secret_sauce"}
COMMAND: POST /session/7a23cf4d40d430c7102dd956682855a9/element/f.EE5116BD447F1FCBC6029AC3F00119F8.d.BBC95B599F6E07D0144196AA0C9B51B9.e.93/click - {}
RESULT: {}
COMMAND: POST /session/7a23cf4d40d430c7102dd956682855a9/element/f.EE5116BD447F1FCBC6029AC3F00119F8.d.BBC95B599F6E07D0144196AA0C9B51B9.e.102/click - {}
RESULT: {}
COMMAND: POST /session/7a23cf4d40d430c7102dd956682855a9/element/f.EE5116BD447F1FCBC6029AC3F00119F8.d.BBC95B599F6E07D0144196AA0C9B51B9.e.116/click - {}
RESULT: {}
COMMAND: GET /session/7a23cf4d40d430c7102dd956682855a9/element/f.EE5116BD447F1FCBC6029AC3F00119F8.d.BBC95B599F6E07D0144196AA0C9B51B9.e.125/text - {}
RESULT: {}
COMMAND: GET /session/7a23cf4d40d430c7102dd956682855a9/element/f.EE5116BD447F1FCBC6029AC3F00119F8.d.BBC95B599F6E07D0144196AA0C9B51B9.e.127/text - {}
RESULT: {}
]]></system-out>
    </testcase>
  </testsuite>
  <testsuite name="UC 2 Footer Social Links" timestamp="2026-03-30T01:43:34" time="11.16" tests="4" failures="0" errors="0" skipped="0">
    <properties>
      <property name="specId" value="0"/>
      <property name="suiteName" value="UC-2 Footer &amp; Social Links"/>
      <property name="capabilities" value="chrome.146_0_7680_165.mac"/>
      <property name="file" value="file://./src/tests/specs/inventory.e2e.js"/>
    </properties>
    <testcase classname="chrome.146_0_7680_165.mac.UC-1_Product_Details_Verification.UC-2_Footer_&amp;_Social_Links" name="The Twitter Facebook and LinkedIn links should exist" time="0.456">
      <system-out><![CDATA[
COMMAND: POST /session/7a23cf4d40d430c7102dd956682855a9/element/f.EE5116BD447F1FCBC6029AC3F00119F8.d.AC88AA43A7A1812C20825FB1C8347C90.e.129/clear - {}
RESULT: {}
COMMAND: POST /session/7a23cf4d40d430c7102dd956682855a9/element/f.EE5116BD447F1FCBC6029AC3F00119F8.d.AC88AA43A7A1812C20825FB1C8347C90.e.129/value - {"text":"standard_user"}
RESULT: {"text":"standard_user"}
COMMAND: POST /session/7a23cf4d40d430c7102dd956682855a9/element/f.EE5116BD447F1FCBC6029AC3F00119F8.d.AC88AA43A7A1812C20825FB1C8347C90.e.130/clear - {}
RESULT: {}
COMMAND: POST /session/7a23cf4d40d430c7102dd956682855a9/element/f.EE5116BD447F1FCBC6029AC3F00119F8.d.AC88AA43A7A1812C20825FB1C8347C90.e.130/value - {"text":"secret_sauce"}
RESULT: {"text":"secret_sauce"}
COMMAND: POST /session/7a23cf4d40d430c7102dd956682855a9/element/f.EE5116BD447F1FCBC6029AC3F00119F8.d.AC88AA43A7A1812C20825FB1C8347C90.e.131/click - {}
RESULT: {}
]]></system-out>
    </testcase>
    <testcase classname="chrome.146_0_7680_165.mac.UC-1_Product_Details_Verification.UC-2_Footer_&amp;_Social_Links" name="The Twitter link should open the correct page" time="3.245">
      <system-out><![CDATA[
COMMAND: POST /session/7a23cf4d40d430c7102dd956682855a9/element/f.EE5116BD447F1FCBC6029AC3F00119F8.d.16D88BA6CAE67951A615084221D4179D.e.158/clear - {}
RESULT: {}
COMMAND: POST /session/7a23cf4d40d430c7102dd956682855a9/element/f.EE5116BD447F1FCBC6029AC3F00119F8.d.16D88BA6CAE67951A615084221D4179D.e.158/value - {"text":"standard_user"}
RESULT: {"text":"standard_user"}
COMMAND: POST /session/7a23cf4d40d430c7102dd956682855a9/element/f.EE5116BD447F1FCBC6029AC3F00119F8.d.16D88BA6CAE67951A615084221D4179D.e.159/clear - {}
RESULT: {}
COMMAND: POST /session/7a23cf4d40d430c7102dd956682855a9/element/f.EE5116BD447F1FCBC6029AC3F00119F8.d.16D88BA6CAE67951A615084221D4179D.e.159/value - {"text":"secret_sauce"}
RESULT: {"text":"secret_sauce"}
COMMAND: POST /session/7a23cf4d40d430c7102dd956682855a9/element/f.EE5116BD447F1FCBC6029AC3F00119F8.d.16D88BA6CAE67951A615084221D4179D.e.160/click - {}
RESULT: {}
COMMAND: GET /session/7a23cf4d40d430c7102dd956682855a9/window/handles - {}
RESULT: {}
COMMAND: POST /session/7a23cf4d40d430c7102dd956682855a9/element/f.EE5116BD447F1FCBC6029AC3F00119F8.d.16D88BA6CAE67951A615084221D4179D.e.182/click - {}
RESULT: {}
COMMAND: GET /session/7a23cf4d40d430c7102dd956682855a9/window/handles - {}
RESULT: {}
COMMAND: POST /session/7a23cf4d40d430c7102dd956682855a9/window - {"handle":"43D3C7D38B50557DAC1DD5278F4E6067"}
RESULT: {"handle":"43D3C7D38B50557DAC1DD5278F4E6067"}
COMMAND: GET /session/7a23cf4d40d430c7102dd956682855a9/url - {}
RESULT: {}
COMMAND: GET /session/7a23cf4d40d430c7102dd956682855a9/url - {}
RESULT: {}
]]></system-out>
    </testcase>
    <testcase classname="chrome.146_0_7680_165.mac.UC-1_Product_Details_Verification.UC-2_Footer_&amp;_Social_Links" name="The Facebook link should open the correct page" time="2.742">
      <system-out><![CDATA[
COMMAND: POST /session/7a23cf4d40d430c7102dd956682855a9/element/f.43D3C7D38B50557DAC1DD5278F4E6067.d.1727057D0AAA6818378FB95C059DA6CC.e.2/clear - {}
RESULT: {}
COMMAND: POST /session/7a23cf4d40d430c7102dd956682855a9/element/f.43D3C7D38B50557DAC1DD5278F4E6067.d.1727057D0AAA6818378FB95C059DA6CC.e.2/value - {"text":"standard_user"}
RESULT: {"text":"standard_user"}
COMMAND: POST /session/7a23cf4d40d430c7102dd956682855a9/element/f.43D3C7D38B50557DAC1DD5278F4E6067.d.1727057D0AAA6818378FB95C059DA6CC.e.3/clear - {}
RESULT: {}
COMMAND: POST /session/7a23cf4d40d430c7102dd956682855a9/element/f.43D3C7D38B50557DAC1DD5278F4E6067.d.1727057D0AAA6818378FB95C059DA6CC.e.3/value - {"text":"secret_sauce"}
RESULT: {"text":"secret_sauce"}
COMMAND: POST /session/7a23cf4d40d430c7102dd956682855a9/element/f.43D3C7D38B50557DAC1DD5278F4E6067.d.1727057D0AAA6818378FB95C059DA6CC.e.4/click - {}
RESULT: {}
COMMAND: GET /session/7a23cf4d40d430c7102dd956682855a9/window/handles - {}
RESULT: {}
COMMAND: POST /session/7a23cf4d40d430c7102dd956682855a9/element/f.43D3C7D38B50557DAC1DD5278F4E6067.d.1727057D0AAA6818378FB95C059DA6CC.e.31/click - {}
RESULT: {}
COMMAND: GET /session/7a23cf4d40d430c7102dd956682855a9/window/handles - {}
RESULT: {}
COMMAND: POST /session/7a23cf4d40d430c7102dd956682855a9/window - {"handle":"37584A2BD81AAC26F5DC67D0BB4478EA"}
RESULT: {"handle":"37584A2BD81AAC26F5DC67D0BB4478EA"}
COMMAND: GET /session/7a23cf4d40d430c7102dd956682855a9/url - {}
RESULT: {}
COMMAND: GET /session/7a23cf4d40d430c7102dd956682855a9/url - {}
RESULT: {}
]]></system-out>
    </testcase>
    <testcase classname="chrome.146_0_7680_165.mac.UC-1_Product_Details_Verification.UC-2_Footer_&amp;_Social_Links" name="The LinkedIn link should open the correct page" time="4.717">
      <system-out><![CDATA[
COMMAND: POST /session/7a23cf4d40d430c7102dd956682855a9/element/f.37584A2BD81AAC26F5DC67D0BB4478EA.d.0F92F31D575D2A0EFACCCA7BD526BE70.e.2/clear - {}
RESULT: {}
COMMAND: POST /session/7a23cf4d40d430c7102dd956682855a9/element/f.37584A2BD81AAC26F5DC67D0BB4478EA.d.0F92F31D575D2A0EFACCCA7BD526BE70.e.2/value - {"text":"standard_user"}
RESULT: {"text":"standard_user"}
COMMAND: POST /session/7a23cf4d40d430c7102dd956682855a9/element/f.37584A2BD81AAC26F5DC67D0BB4478EA.d.0F92F31D575D2A0EFACCCA7BD526BE70.e.3/clear - {}
RESULT: {}
COMMAND: POST /session/7a23cf4d40d430c7102dd956682855a9/element/f.37584A2BD81AAC26F5DC67D0BB4478EA.d.0F92F31D575D2A0EFACCCA7BD526BE70.e.3/value - {"text":"secret_sauce"}
RESULT: {"text":"secret_sauce"}
COMMAND: POST /session/7a23cf4d40d430c7102dd956682855a9/element/f.37584A2BD81AAC26F5DC67D0BB4478EA.d.0F92F31D575D2A0EFACCCA7BD526BE70.e.4/click - {}
RESULT: {}
COMMAND: GET /session/7a23cf4d40d430c7102dd956682855a9/window/handles - {}
RESULT: {}
COMMAND: POST /session/7a23cf4d40d430c7102dd956682855a9/element/f.37584A2BD81AAC26F5DC67D0BB4478EA.d.0F92F31D575D2A0EFACCCA7BD526BE70.e.30/click - {}
RESULT: {}
COMMAND: GET /session/7a23cf4d40d430c7102dd956682855a9/window/handles - {}
RESULT: {}
COMMAND: POST /session/7a23cf4d40d430c7102dd956682855a9/window - {"handle":"661B3A6E7664F9A99DE72BF108072B9B"}
RESULT: {"handle":"661B3A6E7664F9A99DE72BF108072B9B"}
COMMAND: GET /session/7a23cf4d40d430c7102dd956682855a9/url - {}
RESULT: {}
COMMAND: GET /session/7a23cf4d40d430c7102dd956682855a9/url - {}
RESULT: {}
COMMAND: DELETE /session/7a23cf4d40d430c7102dd956682855a9 - {}
RESULT: {}
]]></system-out>
    </testcase>
  </testsuite>
</testsuites>