<?xml version="1.0" encoding="UTF-8"?>
<testsuites tests="7" failures="0" errors="0" skipped="0">
  <testsuite name="UC 1 Product Details Verification" timestamp="2026-03-29T22:50:10" time="8.422" tests="3" failures="0" errors="0" skipped="0">
    <properties>
      <property name="specId" value="0"/>
      <property name="suiteName" value="UC-1 Product Details Verification"/>
      <property name="capabilities" value="firefox.149_0.mac"/>
      <property name="file" value="file://./src/tests/specs/inventory.e2e.js"/>
    </properties>
    <testcase classname="firefox.149_0.mac.UC-1_Product_Details_Verification" name="The Price should match on the Details Page" time="0.94">
      <system-out><![CDATA[
COMMAND: POST /session/17f9fa84-9374-4f8c-a8d2-5924b54edf22/element/46a997c8-32bc-41ae-9df6-fd56bbbd345d/clear - {}
RESULT: {}
COMMAND: POST /session/17f9fa84-9374-4f8c-a8d2-5924b54edf22/element/46a997c8-32bc-41ae-9df6-fd56bbbd345d/value - {"text":"standard_user"}
RESULT: {"text":"standard_user"}
COMMAND: POST /session/17f9fa84-9374-4f8c-a8d2-5924b54edf22/element/4ed7e823-4c2e-448c-bfbc-93f0cfbbbbba/clear - {}
RESULT: {}
COMMAND: POST /session/17f9fa84-9374-4f8c-a8d2-5924b54edf22/element/4ed7e823-4c2e-448c-bfbc-93f0cfbbbbba/value - {"text":"secret_sauce"}
RESULT: {"text":"secret_sauce"}
COMMAND: POST /session/17f9fa84-9374-4f8c-a8d2-5924b54edf22/element/ca538169-fef6-455b-83a5-d6aea3909089/click - {}
RESULT: {}
COMMAND: GET /session/17f9fa84-9374-4f8c-a8d2-5924b54edf22/element/7f9899f7-9398-42c6-af23-60b3727e861a/text - {}
RESULT: {}
COMMAND: POST /session/17f9fa84-9374-4f8c-a8d2-5924b54edf22/element/79d5a8b0-9daf-434d-bc70-4a9a736f9feb/click - {}
RESULT: {}
COMMAND: GET /session/17f9fa84-9374-4f8c-a8d2-5924b54edf22/element/6239e029-f70e-441b-8866-3f3b0acc24e4/text - {}
RESULT: {}
]]></system-out>
    </testcase>
    <testcase classname="firefox.149_0.mac.UC-1_Product_Details_Verification" name="The Description should match on the Details Page" time="0.257">
      <system-out><![CDATA[
COMMAND: POST /session/17f9fa84-9374-4f8c-a8d2-5924b54edf22/element/fff1c266-40e9-44a5-a862-b0a17ca79690/clear - {}
RESULT: {}
COMMAND: POST /session/17f9fa84-9374-4f8c-a8d2-5924b54edf22/element/fff1c266-40e9-44a5-a862-b0a17ca79690/value - {"text":"standard_user"}
RESULT: {"text":"standard_user"}
COMMAND: POST /session/17f9fa84-9374-4f8c-a8d2-5924b54edf22/element/f4776d14-30b6-4a04-9312-60913702c34e/clear - {}
RESULT: {}
COMMAND: POST /session/17f9fa84-9374-4f8c-a8d2-5924b54edf22/element/f4776d14-30b6-4a04-9312-60913702c34e/value - {"text":"secret_sauce"}
RESULT: {"text":"secret_sauce"}
COMMAND: POST /session/17f9fa84-9374-4f8c-a8d2-5924b54edf22/element/4be457e7-558b-480e-ac0c-16313edc388e/click - {}
RESULT: {}
COMMAND: GET /session/17f9fa84-9374-4f8c-a8d2-5924b54edf22/element/1980a980-ebc2-4246-9856-fa8662781b9e/text - {}
RESULT: {}
COMMAND: POST /session/17f9fa84-9374-4f8c-a8d2-5924b54edf22/element/301a6763-638c-485f-b2c1-c0a731fe5d49/click - {}
RESULT: {}
COMMAND: GET /session/17f9fa84-9374-4f8c-a8d2-5924b54edf22/element/1ddde573-3f53-41f8-933e-b5c7bac5c969/text - {}
RESULT: {}
]]></system-out>
    </testcase>
    <testcase classname="firefox.149_0.mac.UC-1_Product_Details_Verification" name="The item should be added to the cart from the Details Page" time="0.298">
      <system-out><![CDATA[
COMMAND: POST /session/17f9fa84-9374-4f8c-a8d2-5924b54edf22/element/e4b24c59-2aaa-4385-8275-2977d433a44b/clear - {}
RESULT: {}
COMMAND: POST /session/17f9fa84-9374-4f8c-a8d2-5924b54edf22/element/e4b24c59-2aaa-4385-8275-2977d433a44b/value - {"text":"standard_user"}
RESULT: {"text":"standard_user"}
COMMAND: POST /session/17f9fa84-9374-4f8c-a8d2-5924b54edf22/element/71a1b753-31da-4310-92f7-60741dc970d1/clear - {}
RESULT: {}
COMMAND: POST /session/17f9fa84-9374-4f8c-a8d2-5924b54edf22/element/71a1b753-31da-4310-92f7-60741dc970d1/value - {"text":"secret_sauce"}
RESULT: {"text":"secret_sauce"}
COMMAND: POST /session/17f9fa84-9374-4f8c-a8d2-5924b54edf22/element/77f70607-3bdd-41ea-a986-828207e10dea/click - {}
RESULT: {}
COMMAND: POST /session/17f9fa84-9374-4f8c-a8d2-5924b54edf22/element/27b952fd-2c84-4ea3-a9cf-c649d50c5bad/click - {}
RESULT: {}
COMMAND: POST /session/17f9fa84-9374-4f8c-a8d2-5924b54edf22/element/8ac5f85d-7728-4e8b-9d9c-31f5c50042fc/click - {}
RESULT: {}
COMMAND: GET /session/17f9fa84-9374-4f8c-a8d2-5924b54edf22/element/0a7df3f2-93f8-46f7-8458-23fce1c9cfc1/text - {}
RESULT: {}
]]></system-out>
    </testcase>
  </testsuite>
  <testsuite name="UC 2 Footer Social Links" timestamp="2026-03-29T22:50:11" time="6.924" tests="4" failures="0" errors="0" skipped="0">
    <properties>
      <property name="specId" value="0"/>
      <property name="suiteName" value="UC-2 Footer &amp; Social Links"/>
      <property name="capabilities" value="firefox.149_0.mac"/>
      <property name="file" value="file://./src/tests/specs/inventory.e2e.js"/>
    </properties>
    <testcase classname="firefox.149_0.mac.UC-1_Product_Details_Verification.UC-2_Footer_&amp;_Social_Links" name="The Footer should be visible on the page" time="0.122">
      <system-out><![CDATA[
COMMAND: POST /session/17f9fa84-9374-4f8c-a8d2-5924b54edf22/element/5d69fe54-1755-4af7-a20e-25432a7baad5/clear - {}
RESULT: {}
COMMAND: POST /session/17f9fa84-9374-4f8c-a8d2-5924b54edf22/element/5d69fe54-1755-4af7-a20e-25432a7baad5/value - {"text":"standard_user"}
RESULT: {"text":"standard_user"}
COMMAND: POST /session/17f9fa84-9374-4f8c-a8d2-5924b54edf22/element/7cdcb943-7bdf-49fc-931d-6fa2e5baf693/clear - {}
RESULT: {}
COMMAND: POST /session/17f9fa84-9374-4f8c-a8d2-5924b54edf22/element/7cdcb943-7bdf-49fc-931d-6fa2e5baf693/value - {"text":"secret_sauce"}
RESULT: {"text":"secret_sauce"}
COMMAND: POST /session/17f9fa84-9374-4f8c-a8d2-5924b54edf22/element/42eabdd3-df74-45eb-ae01-c708a33aa743/click - {}
COMMAND: GET /session/17f9fa84-9374-4f8c-a8d2-5924b54edf22/element/9574cbe9-9019-49e8-b9c0-19a9a118ac6a/text - {}
RESULT: {}
RESULT: {}
]]></system-out>
    </testcase>
    <testcase classname="firefox.149_0.mac.UC-1_Product_Details_Verification.UC-2_Footer_&amp;_Social_Links" name="The Twitter link should open the correct page" time="1.759">
      <system-out><![CDATA[
COMMAND: POST /session/17f9fa84-9374-4f8c-a8d2-5924b54edf22/element/547185cc-4c5d-480a-8528-004731a6f0da/clear - {}
RESULT: {}
COMMAND: POST /session/17f9fa84-9374-4f8c-a8d2-5924b54edf22/element/547185cc-4c5d-480a-8528-004731a6f0da/value - {"text":"standard_user"}
RESULT: {"text":"standard_user"}
COMMAND: POST /session/17f9fa84-9374-4f8c-a8d2-5924b54edf22/element/009f6875-d00f-4678-b041-796a8e57280c/clear - {}
RESULT: {}
COMMAND: POST /session/17f9fa84-9374-4f8c-a8d2-5924b54edf22/element/009f6875-d00f-4678-b041-796a8e57280c/value - {"text":"secret_sauce"}
RESULT: {"text":"secret_sauce"}
COMMAND: POST /session/17f9fa84-9374-4f8c-a8d2-5924b54edf22/element/3ab78407-fbfc-488a-95f0-9c0489775f74/click - {}
COMMAND: GET /session/17f9fa84-9374-4f8c-a8d2-5924b54edf22/element/9574cbe9-9019-49e8-b9c0-19a9a118ac6a/text - {}
RESULT: {}
COMMAND: GET /session/17f9fa84-9374-4f8c-a8d2-5924b54edf22/window/handles - {}
RESULT: {}
RESULT: {}
COMMAND: GET /session/17f9fa84-9374-4f8c-a8d2-5924b54edf22/element/9574cbe9-9019-49e8-b9c0-19a9a118ac6a/text - {}
RESULT: {}
COMMAND: POST /session/17f9fa84-9374-4f8c-a8d2-5924b54edf22/element/5654444b-a80c-4bbe-b5bd-3e1d731aad7c/click - {}
COMMAND: GET /session/17f9fa84-9374-4f8c-a8d2-5924b54edf22/element/5532d13d-ba05-4c85-b8b3-1c5fee626d6b/text - {}
RESULT: {}
COMMAND: GET /session/17f9fa84-9374-4f8c-a8d2-5924b54edf22/window/handles - {}
RESULT: {}
RESULT: {}
COMMAND: POST /session/17f9fa84-9374-4f8c-a8d2-5924b54edf22/window - {"handle":"883ba906-45b8-4af9-b827-5215091966cd"}
RESULT: {"handle":"883ba906-45b8-4af9-b827-5215091966cd"}
COMMAND: GET /session/17f9fa84-9374-4f8c-a8d2-5924b54edf22/url - {}
RESULT: {}
COMMAND: GET /session/17f9fa84-9374-4f8c-a8d2-5924b54edf22/element/5532d13d-ba05-4c85-b8b3-1c5fee626d6b/text - {}
COMMAND: GET /session/17f9fa84-9374-4f8c-a8d2-5924b54edf22/url - {}
RESULT: {}
RESULT: {}
COMMAND: GET /session/17f9fa84-9374-4f8c-a8d2-5924b54edf22/element/5532d13d-ba05-4c85-b8b3-1c5fee626d6b/text - {}
COMMAND: GET /session/17f9fa84-9374-4f8c-a8d2-5924b54edf22/url - {}
RESULT: {}
RESULT: {}
COMMAND: GET /session/17f9fa84-9374-4f8c-a8d2-5924b54edf22/element/5532d13d-ba05-4c85-b8b3-1c5fee626d6b/text - {}
COMMAND: GET /session/17f9fa84-9374-4f8c-a8d2-5924b54edf22/url - {}
RESULT: {}
RESULT: {}
COMMAND: GET /session/17f9fa84-9374-4f8c-a8d2-5924b54edf22/element/5532d13d-ba05-4c85-b8b3-1c5fee626d6b/text - {}
COMMAND: GET /session/17f9fa84-9374-4f8c-a8d2-5924b54edf22/url - {}
RESULT: {}
RESULT: {}
COMMAND: GET /session/17f9fa84-9374-4f8c-a8d2-5924b54edf22/element/5532d13d-ba05-4c85-b8b3-1c5fee626d6b/text - {}
COMMAND: GET /session/17f9fa84-9374-4f8c-a8d2-5924b54edf22/url - {}
RESULT: {}
RESULT: {}
COMMAND: GET /session/17f9fa84-9374-4f8c-a8d2-5924b54edf22/element/5532d13d-ba05-4c85-b8b3-1c5fee626d6b/text - {}
COMMAND: GET /session/17f9fa84-9374-4f8c-a8d2-5924b54edf22/url - {}
RESULT: {}
RESULT: {}
COMMAND: GET /session/17f9fa84-9374-4f8c-a8d2-5924b54edf22/element/5532d13d-ba05-4c85-b8b3-1c5fee626d6b/text - {}
COMMAND: GET /session/17f9fa84-9374-4f8c-a8d2-5924b54edf22/url - {}
RESULT: {}
RESULT: {}
COMMAND: GET /session/17f9fa84-9374-4f8c-a8d2-5924b54edf22/element/5532d13d-ba05-4c85-b8b3-1c5fee626d6b/text - {}
COMMAND: GET /session/17f9fa84-9374-4f8c-a8d2-5924b54edf22/url - {}
RESULT: {}
RESULT: {}
COMMAND: GET /session/17f9fa84-9374-4f8c-a8d2-5924b54edf22/element/5532d13d-ba05-4c85-b8b3-1c5fee626d6b/text - {}
COMMAND: GET /session/17f9fa84-9374-4f8c-a8d2-5924b54edf22/url - {}
RESULT: {}
RESULT: {}
COMMAND: GET /session/17f9fa84-9374-4f8c-a8d2-5924b54edf22/element/5532d13d-ba05-4c85-b8b3-1c5fee626d6b/text - {}
COMMAND: GET /session/17f9fa84-9374-4f8c-a8d2-5924b54edf22/url - {}
RESULT: {}
RESULT: {}
COMMAND: GET /session/17f9fa84-9374-4f8c-a8d2-5924b54edf22/element/5532d13d-ba05-4c85-b8b3-1c5fee626d6b/text - {}
COMMAND: GET /session/17f9fa84-9374-4f8c-a8d2-5924b54edf22/url - {}
RESULT: {}
RESULT: {}
COMMAND: GET /session/17f9fa84-9374-4f8c-a8d2-5924b54edf22/element/5532d13d-ba05-4c85-b8b3-1c5fee626d6b/text - {}
COMMAND: GET /session/17f9fa84-9374-4f8c-a8d2-5924b54edf22/url - {}
RESULT: {}
RESULT: {}
COMMAND: GET /session/17f9fa84-9374-4f8c-a8d2-5924b54edf22/element/5532d13d-ba05-4c85-b8b3-1c5fee626d6b/text - {}
COMMAND: GET /session/17f9fa84-9374-4f8c-a8d2-5924b54edf22/url - {}
RESULT: {}
RESULT: {}
COMMAND: GET /session/17f9fa84-9374-4f8c-a8d2-5924b54edf22/element/5532d13d-ba05-4c85-b8b3-1c5fee626d6b/text - {}
COMMAND: GET /session/17f9fa84-9374-4f8c-a8d2-5924b54edf22/url - {}
RESULT: {}
RESULT: {}
COMMAND: GET /session/17f9fa84-9374-4f8c-a8d2-5924b54edf22/element/5532d13d-ba05-4c85-b8b3-1c5fee626d6b/text - {}
RESULT: {}
COMMAND: GET /session/17f9fa84-9374-4f8c-a8d2-5924b54edf22/url - {}
RESULT: {}
]]></system-out>
    </testcase>
    <testcase classname="firefox.149_0.mac.UC-1_Product_Details_Verification.UC-2_Footer_&amp;_Social_Links" name="The Facebook link should open the correct page" time="3.432">
      <system-out><![CDATA[
COMMAND: POST /session/17f9fa84-9374-4f8c-a8d2-5924b54edf22/element/adc1a494-bb97-434d-93f1-9d2fe1de2013/clear - {}
COMMAND: GET /session/17f9fa84-9374-4f8c-a8d2-5924b54edf22/element/5532d13d-ba05-4c85-b8b3-1c5fee626d6b/text - {}
RESULT: {}
COMMAND: POST /session/17f9fa84-9374-4f8c-a8d2-5924b54edf22/element/adc1a494-bb97-434d-93f1-9d2fe1de2013/value - {"text":"standard_user"}
RESULT: {}
RESULT: {"text":"standard_user"}
COMMAND: POST /session/17f9fa84-9374-4f8c-a8d2-5924b54edf22/element/47d1ef27-3d78-42c5-a1f5-636320e22bfd/clear - {}
RESULT: {}
COMMAND: POST /session/17f9fa84-9374-4f8c-a8d2-5924b54edf22/element/47d1ef27-3d78-42c5-a1f5-636320e22bfd/value - {"text":"secret_sauce"}
RESULT: {"text":"secret_sauce"}
COMMAND: POST /session/17f9fa84-9374-4f8c-a8d2-5924b54edf22/element/6631f6d8-f6d5-4ed0-8255-1a1f4dc50cd3/click - {}
RESULT: {}
COMMAND: GET /session/17f9fa84-9374-4f8c-a8d2-5924b54edf22/window/handles - {}
RESULT: {}
COMMAND: POST /session/17f9fa84-9374-4f8c-a8d2-5924b54edf22/element/ea28fb8c-c99a-4f38-bcf1-c79f6f8b6936/click - {}
RESULT: {}
COMMAND: GET /session/17f9fa84-9374-4f8c-a8d2-5924b54edf22/window/handles - {}
RESULT: {}
COMMAND: POST /session/17f9fa84-9374-4f8c-a8d2-5924b54edf22/window - {"handle":"df36dc62-04a9-43a2-bc23-a0edbe9e6c17"}
COMMAND: GET /session/17f9fa84-9374-4f8c-a8d2-5924b54edf22/element/5532d13d-ba05-4c85-b8b3-1c5fee626d6b/text - {}
RESULT: {"handle":"df36dc62-04a9-43a2-bc23-a0edbe9e6c17"}
COMMAND: GET /session/17f9fa84-9374-4f8c-a8d2-5924b54edf22/url - {}
RESULT: {}
RESULT: {}
COMMAND: GET /session/17f9fa84-9374-4f8c-a8d2-5924b54edf22/element/5532d13d-ba05-4c85-b8b3-1c5fee626d6b/text - {}
COMMAND: GET /session/17f9fa84-9374-4f8c-a8d2-5924b54edf22/url - {}
RESULT: {}
RESULT: {}
COMMAND: GET /session/17f9fa84-9374-4f8c-a8d2-5924b54edf22/element/5532d13d-ba05-4c85-b8b3-1c5fee626d6b/text - {}
COMMAND: GET /session/17f9fa84-9374-4f8c-a8d2-5924b54edf22/url - {}
RESULT: {}
RESULT: {}
COMMAND: GET /session/17f9fa84-9374-4f8c-a8d2-5924b54edf22/element/5532d13d-ba05-4c85-b8b3-1c5fee626d6b/text - {}
COMMAND: GET /session/17f9fa84-9374-4f8c-a8d2-5924b54edf22/url - {}
RESULT: {}
RESULT: {}
COMMAND: GET /session/17f9fa84-9374-4f8c-a8d2-5924b54edf22/element/5532d13d-ba05-4c85-b8b3-1c5fee626d6b/text - {}
COMMAND: GET /session/17f9fa84-9374-4f8c-a8d2-5924b54edf22/url - {}
RESULT: {}
RESULT: {}
COMMAND: GET /session/17f9fa84-9374-4f8c-a8d2-5924b54edf22/element/5532d13d-ba05-4c85-b8b3-1c5fee626d6b/text - {}
COMMAND: GET /session/17f9fa84-9374-4f8c-a8d2-5924b54edf22/url - {}
RESULT: {}
RESULT: {}
COMMAND: GET /session/17f9fa84-9374-4f8c-a8d2-5924b54edf22/element/5532d13d-ba05-4c85-b8b3-1c5fee626d6b/text - {}
COMMAND: GET /session/17f9fa84-9374-4f8c-a8d2-5924b54edf22/url - {}
RESULT: {}
RESULT: {}
COMMAND: GET /session/17f9fa84-9374-4f8c-a8d2-5924b54edf22/element/5532d13d-ba05-4c85-b8b3-1c5fee626d6b/text - {}
COMMAND: GET /session/17f9fa84-9374-4f8c-a8d2-5924b54edf22/url - {}
RESULT: {}
RESULT: {}
COMMAND: GET /session/17f9fa84-9374-4f8c-a8d2-5924b54edf22/element/5532d13d-ba05-4c85-b8b3-1c5fee626d6b/text - {}
COMMAND: GET /session/17f9fa84-9374-4f8c-a8d2-5924b54edf22/url - {}
RESULT: {}
RESULT: {}
COMMAND: GET /session/17f9fa84-9374-4f8c-a8d2-5924b54edf22/element/5532d13d-ba05-4c85-b8b3-1c5fee626d6b/text - {}
RESULT: {}
COMMAND: GET /session/17f9fa84-9374-4f8c-a8d2-5924b54edf22/url - {}
RESULT: {}
COMMAND: GET /session/17f9fa84-9374-4f8c-a8d2-5924b54edf22/element/5532d13d-ba05-4c85-b8b3-1c5fee626d6b/text - {}
COMMAND: GET /session/17f9fa84-9374-4f8c-a8d2-5924b54edf22/url - {}
RESULT: {}
RESULT: {}
COMMAND: GET /session/17f9fa84-9374-4f8c-a8d2-5924b54edf22/element/5532d13d-ba05-4c85-b8b3-1c5fee626d6b/text - {}
COMMAND: GET /session/17f9fa84-9374-4f8c-a8d2-5924b54edf22/url - {}
RESULT: {}
RESULT: {}
COMMAND: GET /session/17f9fa84-9374-4f8c-a8d2-5924b54edf22/element/5532d13d-ba05-4c85-b8b3-1c5fee626d6b/text - {}
COMMAND: GET /session/17f9fa84-9374-4f8c-a8d2-5924b54edf22/url - {}
RESULT: {}
RESULT: {}
COMMAND: GET /session/17f9fa84-9374-4f8c-a8d2-5924b54edf22/element/5532d13d-ba05-4c85-b8b3-1c5fee626d6b/text - {}
COMMAND: GET /session/17f9fa84-9374-4f8c-a8d2-5924b54edf22/url - {}
RESULT: {}
RESULT: {}
COMMAND: GET /session/17f9fa84-9374-4f8c-a8d2-5924b54edf22/element/5532d13d-ba05-4c85-b8b3-1c5fee626d6b/text - {}
COMMAND: GET /session/17f9fa84-9374-4f8c-a8d2-5924b54edf22/url - {}
RESULT: {}
RESULT: {}
COMMAND: GET /session/17f9fa84-9374-4f8c-a8d2-5924b54edf22/element/5532d13d-ba05-4c85-b8b3-1c5fee626d6b/text - {}
COMMAND: GET /session/17f9fa84-9374-4f8c-a8d2-5924b54edf22/url - {}
RESULT: {}
RESULT: {}
COMMAND: GET /session/17f9fa84-9374-4f8c-a8d2-5924b54edf22/element/5532d13d-ba05-4c85-b8b3-1c5fee626d6b/text - {}
COMMAND: GET /session/17f9fa84-9374-4f8c-a8d2-5924b54edf22/url - {}
RESULT: {}
RESULT: {}
COMMAND: GET /session/17f9fa84-9374-4f8c-a8d2-5924b54edf22/element/5532d13d-ba05-4c85-b8b3-1c5fee626d6b/text - {}
COMMAND: GET /session/17f9fa84-9374-4f8c-a8d2-5924b54edf22/url - {}
RESULT: {}
RESULT: {}
COMMAND: GET /session/17f9fa84-9374-4f8c-a8d2-5924b54edf22/element/5532d13d-ba05-4c85-b8b3-1c5fee626d6b/text - {}
COMMAND: GET /session/17f9fa84-9374-4f8c-a8d2-5924b54edf22/url - {}
RESULT: {}
RESULT: {}
COMMAND: GET /session/17f9fa84-9374-4f8c-a8d2-5924b54edf22/element/5532d13d-ba05-4c85-b8b3-1c5fee626d6b/text - {}
COMMAND: GET /session/17f9fa84-9374-4f8c-a8d2-5924b54edf22/url - {}
RESULT: {}
RESULT: {}
COMMAND: GET /session/17f9fa84-9374-4f8c-a8d2-5924b54edf22/element/5532d13d-ba05-4c85-b8b3-1c5fee626d6b/text - {}
COMMAND: GET /session/17f9fa84-9374-4f8c-a8d2-5924b54edf22/url - {}
RESULT: {}
RESULT: {}
COMMAND: GET /session/17f9fa84-9374-4f8c-a8d2-5924b54edf22/element/5532d13d-ba05-4c85-b8b3-1c5fee626d6b/text - {}
COMMAND: GET /session/17f9fa84-9374-4f8c-a8d2-5924b54edf22/url - {}
RESULT: {}
RESULT: {}
COMMAND: GET /session/17f9fa84-9374-4f8c-a8d2-5924b54edf22/element/5532d13d-ba05-4c85-b8b3-1c5fee626d6b/text - {}
COMMAND: GET /session/17f9fa84-9374-4f8c-a8d2-5924b54edf22/url - {}
RESULT: {}
RESULT: {}
COMMAND: GET /session/17f9fa84-9374-4f8c-a8d2-5924b54edf22/element/5532d13d-ba05-4c85-b8b3-1c5fee626d6b/text - {}
COMMAND: GET /session/17f9fa84-9374-4f8c-a8d2-5924b54edf22/url - {}
RESULT: {}
RESULT: {}
COMMAND: GET /session/17f9fa84-9374-4f8c-a8d2-5924b54edf22/element/5532d13d-ba05-4c85-b8b3-1c5fee626d6b/text - {}
COMMAND: GET /session/17f9fa84-9374-4f8c-a8d2-5924b54edf22/url - {}
RESULT: {}
RESULT: {}
COMMAND: GET /session/17f9fa84-9374-4f8c-a8d2-5924b54edf22/element/5532d13d-ba05-4c85-b8b3-1c5fee626d6b/text - {}
COMMAND: GET /session/17f9fa84-9374-4f8c-a8d2-5924b54edf22/url - {}
RESULT: {}
RESULT: {}
COMMAND: GET /session/17f9fa84-9374-4f8c-a8d2-5924b54edf22/element/5532d13d-ba05-4c85-b8b3-1c5fee626d6b/text - {}
COMMAND: GET /session/17f9fa84-9374-4f8c-a8d2-5924b54edf22/url - {}
RESULT: {}
RESULT: {}
COMMAND: GET /session/17f9fa84-9374-4f8c-a8d2-5924b54edf22/element/5532d13d-ba05-4c85-b8b3-1c5fee626d6b/text - {}
COMMAND: GET /session/17f9fa84-9374-4f8c-a8d2-5924b54edf22/url - {}
RESULT: {}
RESULT: {}
COMMAND: GET /session/17f9fa84-9374-4f8c-a8d2-5924b54edf22/element/5532d13d-ba05-4c85-b8b3-1c5fee626d6b/text - {}
COMMAND: GET /session/17f9fa84-9374-4f8c-a8d2-5924b54edf22/url - {}
RESULT: {}
RESULT: {}
COMMAND: GET /session/17f9fa84-9374-4f8c-a8d2-5924b54edf22/element/5532d13d-ba05-4c85-b8b3-1c5fee626d6b/text - {}
COMMAND: GET /session/17f9fa84-9374-4f8c-a8d2-5924b54edf22/url - {}
RESULT: {}
RESULT: {}
COMMAND: GET /session/17f9fa84-9374-4f8c-a8d2-5924b54edf22/element/5532d13d-ba05-4c85-b8b3-1c5fee626d6b/text - {}
COMMAND: GET /session/17f9fa84-9374-4f8c-a8d2-5924b54edf22/url - {}
RESULT: {}
RESULT: {}
COMMAND: GET /session/17f9fa84-9374-4f8c-a8d2-5924b54edf22/element/5532d13d-ba05-4c85-b8b3-1c5fee626d6b/text - {}
COMMAND: GET /session/17f9fa84-9374-4f8c-a8d2-5924b54edf22/url - {}
RESULT: {}
RESULT: {}
]]></system-out>
    </testcase>
    <testcase classname="firefox.149_0.mac.UC-1_Product_Details_Verification.UC-2_Footer_&amp;_Social_Links" name="The LinkedIn link should open the correct page" time="1.608">
      <system-out><![CDATA[
COMMAND: GET /session/17f9fa84-9374-4f8c-a8d2-5924b54edf22/element/5532d13d-ba05-4c85-b8b3-1c5fee626d6b/text - {}
RESULT: {}
COMMAND: POST /session/17f9fa84-9374-4f8c-a8d2-5924b54edf22/element/1e222514-c7c1-4b85-98d0-ef8a8f3efd8b/clear - {}
RESULT: {}
COMMAND: POST /session/17f9fa84-9374-4f8c-a8d2-5924b54edf22/element/1e222514-c7c1-4b85-98d0-ef8a8f3efd8b/value - {"text":"standard_user"}
RESULT: {"text":"standard_user"}
COMMAND: POST /session/17f9fa84-9374-4f8c-a8d2-5924b54edf22/element/c24f6600-a9cf-4fc7-a36d-69443caa4f38/clear - {}
RESULT: {}
COMMAND: POST /session/17f9fa84-9374-4f8c-a8d2-5924b54edf22/element/c24f6600-a9cf-4fc7-a36d-69443caa4f38/value - {"text":"secret_sauce"}
RESULT: {"text":"secret_sauce"}
COMMAND: POST /session/17f9fa84-9374-4f8c-a8d2-5924b54edf22/element/0bd6ff56-3603-4d28-a97e-0b89ce6ec6ff/click - {}
COMMAND: GET /session/17f9fa84-9374-4f8c-a8d2-5924b54edf22/element/5532d13d-ba05-4c85-b8b3-1c5fee626d6b/text - {}
RESULT: {}
COMMAND: GET /session/17f9fa84-9374-4f8c-a8d2-5924b54edf22/window/handles - {}
RESULT: {}
RESULT: {}
COMMAND: POST /session/17f9fa84-9374-4f8c-a8d2-5924b54edf22/element/d500edc7-97be-4fae-b4f5-00bebd97f55b/click - {}
RESULT: {}
COMMAND: GET /session/17f9fa84-9374-4f8c-a8d2-5924b54edf22/window/handles - {}
RESULT: {}
COMMAND: POST /session/17f9fa84-9374-4f8c-a8d2-5924b54edf22/window - {"handle":"fe950992-6edb-49b0-ab62-e3c86641774e"}
RESULT: {"handle":"fe950992-6edb-49b0-ab62-e3c86641774e"}
COMMAND: GET /session/17f9fa84-9374-4f8c-a8d2-5924b54edf22/url - {}
RESULT: {}
COMMAND: GET /session/17f9fa84-9374-4f8c-a8d2-5924b54edf22/element/5532d13d-ba05-4c85-b8b3-1c5fee626d6b/text - {}
RESULT: {}
COMMAND: GET /session/17f9fa84-9374-4f8c-a8d2-5924b54edf22/url - {}
RESULT: {}
COMMAND: GET /session/17f9fa84-9374-4f8c-a8d2-5924b54edf22/element/5532d13d-ba05-4c85-b8b3-1c5fee626d6b/text - {}
RESULT: {}
COMMAND: GET /session/17f9fa84-9374-4f8c-a8d2-5924b54edf22/url - {}
RESULT: {}
COMMAND: GET /session/17f9fa84-9374-4f8c-a8d2-5924b54edf22/element/5532d13d-ba05-4c85-b8b3-1c5fee626d6b/text - {}
RESULT: {}
COMMAND: GET /session/17f9fa84-9374-4f8c-a8d2-5924b54edf22/url - {}
RESULT: {}
COMMAND: GET /session/17f9fa84-9374-4f8c-a8d2-5924b54edf22/element/5532d13d-ba05-4c85-b8b3-1c5fee626d6b/text - {}
RESULT: {}
COMMAND: GET /session/17f9fa84-9374-4f8c-a8d2-5924b54edf22/url - {}
RESULT: {}
COMMAND: GET /session/17f9fa84-9374-4f8c-a8d2-5924b54edf22/element/5532d13d-ba05-4c85-b8b3-1c5fee626d6b/text - {}
RESULT: {}
COMMAND: GET /session/17f9fa84-9374-4f8c-a8d2-5924b54edf22/url - {}
RESULT: {}
COMMAND: GET /session/17f9fa84-9374-4f8c-a8d2-5924b54edf22/element/5532d13d-ba05-4c85-b8b3-1c5fee626d6b/text - {}
COMMAND: GET /session/17f9fa84-9374-4f8c-a8d2-5924b54edf22/url - {}
RESULT: {}
RESULT: {}
COMMAND: GET /session/17f9fa84-9374-4f8c-a8d2-5924b54edf22/element/5532d13d-ba05-4c85-b8b3-1c5fee626d6b/text - {}
COMMAND: GET /session/17f9fa84-9374-4f8c-a8d2-5924b54edf22/url - {}
RESULT: {}
RESULT: {}
COMMAND: GET /session/17f9fa84-9374-4f8c-a8d2-5924b54edf22/element/5532d13d-ba05-4c85-b8b3-1c5fee626d6b/text - {}
COMMAND: GET /session/17f9fa84-9374-4f8c-a8d2-5924b54edf22/url - {}
RESULT: {}
RESULT: {}
COMMAND: GET /session/17f9fa84-9374-4f8c-a8d2-5924b54edf22/element/5532d13d-ba05-4c85-b8b3-1c5fee626d6b/text - {}
COMMAND: GET /session/17f9fa84-9374-4f8c-a8d2-5924b54edf22/url - {}
RESULT: {}
RESULT: {}
COMMAND: GET /session/17f9fa84-9374-4f8c-a8d2-5924b54edf22/element/5532d13d-ba05-4c85-b8b3-1c5fee626d6b/text - {}
COMMAND: GET /session/17f9fa84-9374-4f8c-a8d2-5924b54edf22/url - {}
RESULT: {}
RESULT: {}
COMMAND: GET /session/17f9fa84-9374-4f8c-a8d2-5924b54edf22/element/5532d13d-ba05-4c85-b8b3-1c5fee626d6b/text - {}
COMMAND: GET /session/17f9fa84-9374-4f8c-a8d2-5924b54edf22/url - {}
RESULT: {}
RESULT: {}
COMMAND: GET /session/17f9fa84-9374-4f8c-a8d2-5924b54edf22/element/5532d13d-ba05-4c85-b8b3-1c5fee626d6b/text - {}
COMMAND: GET /session/17f9fa84-9374-4f8c-a8d2-5924b54edf22/url - {}
RESULT: {}
RESULT: {}
COMMAND: GET /session/17f9fa84-9374-4f8c-a8d2-5924b54edf22/element/5532d13d-ba05-4c85-b8b3-1c5fee626d6b/text - {}
COMMAND: GET /session/17f9fa84-9374-4f8c-a8d2-5924b54edf22/url - {}
RESULT: {}
RESULT: {}
COMMAND: DELETE /session/17f9fa84-9374-4f8c-a8d2-5924b54edf22 - {}
COMMAND: GET /session/17f9fa84-9374-4f8c-a8d2-5924b54edf22/element/5532d13d-ba05-4c85-b8b3-1c5fee626d6b/text - {}
RESULT: {}
]]></system-out>
    </testcase>
  </testsuite>
</testsuites>