<?xml version="1.0" encoding="UTF-8"?>
<testsuites tests="6" failures="0" errors="0" skipped="0">
  <testsuite name="UC 1 Product Details Verification" timestamp="2026-03-29T17:12:17" time="10.601" tests="3" failures="0" errors="0" skipped="0">
    <properties>
      <property name="specId" value="0"/>
      <property name="suiteName" value="UC-1 Product Details Verification"/>
      <property name="capabilities" value="chrome.146_0_7680_165.mac"/>
      <property name="file" value="file://./src/tests/specs/inventory.e2e.js"/>
    </properties>
    <testcase classname="chrome.146_0_7680_165.mac.UC-1_Product_Details_Verification" name="The Price should match on the Details Page" time="1.323">
      <system-out><![CDATA[
COMMAND: POST /session/5f6b08059b18936f131fcec9ba1c2281/element/f.31D0444F7C2E67A6ABAF34307918D017.d.2CAAB4CA92B9EBBF8C55F053670B7FA3.e.3/clear - {}
RESULT: {}
COMMAND: POST /session/5f6b08059b18936f131fcec9ba1c2281/element/f.31D0444F7C2E67A6ABAF34307918D017.d.2CAAB4CA92B9EBBF8C55F053670B7FA3.e.3/value - {"text":"standard_user"}
RESULT: {"text":"standard_user"}
COMMAND: POST /session/5f6b08059b18936f131fcec9ba1c2281/element/f.31D0444F7C2E67A6ABAF34307918D017.d.2CAAB4CA92B9EBBF8C55F053670B7FA3.e.4/clear - {}
RESULT: {}
COMMAND: POST /session/5f6b08059b18936f131fcec9ba1c2281/element/f.31D0444F7C2E67A6ABAF34307918D017.d.2CAAB4CA92B9EBBF8C55F053670B7FA3.e.4/value - {"text":"secret_sauce"}
RESULT: {"text":"secret_sauce"}
COMMAND: POST /session/5f6b08059b18936f131fcec9ba1c2281/element/f.31D0444F7C2E67A6ABAF34307918D017.d.2CAAB4CA92B9EBBF8C55F053670B7FA3.e.5/click - {}
RESULT: {}
COMMAND: GET /session/5f6b08059b18936f131fcec9ba1c2281/element/f.31D0444F7C2E67A6ABAF34307918D017.d.2CAAB4CA92B9EBBF8C55F053670B7FA3.e.38/text - {}
RESULT: {}
COMMAND: POST /session/5f6b08059b18936f131fcec9ba1c2281/element/f.31D0444F7C2E67A6ABAF34307918D017.d.2CAAB4CA92B9EBBF8C55F053670B7FA3.e.22/click - {}
RESULT: {}
COMMAND: GET /session/5f6b08059b18936f131fcec9ba1c2281/element/f.31D0444F7C2E67A6ABAF34307918D017.d.2CAAB4CA92B9EBBF8C55F053670B7FA3.e.56/text - {}
RESULT: {}
]]></system-out>
    </testcase>
    <testcase classname="chrome.146_0_7680_165.mac.UC-1_Product_Details_Verification" name="The Description should match on the Details Page" time="0.622">
      <system-out><![CDATA[
COMMAND: POST /session/5f6b08059b18936f131fcec9ba1c2281/element/f.31D0444F7C2E67A6ABAF34307918D017.d.83A7B06CB42BC54E6E46E27381EFBCDB.e.59/clear - {}
RESULT: {}
COMMAND: POST /session/5f6b08059b18936f131fcec9ba1c2281/element/f.31D0444F7C2E67A6ABAF34307918D017.d.83A7B06CB42BC54E6E46E27381EFBCDB.e.59/value - {"text":"standard_user"}
RESULT: {"text":"standard_user"}
COMMAND: POST /session/5f6b08059b18936f131fcec9ba1c2281/element/f.31D0444F7C2E67A6ABAF34307918D017.d.83A7B06CB42BC54E6E46E27381EFBCDB.e.60/clear - {}
RESULT: {}
COMMAND: POST /session/5f6b08059b18936f131fcec9ba1c2281/element/f.31D0444F7C2E67A6ABAF34307918D017.d.83A7B06CB42BC54E6E46E27381EFBCDB.e.60/value - {"text":"secret_sauce"}
RESULT: {"text":"secret_sauce"}
COMMAND: POST /session/5f6b08059b18936f131fcec9ba1c2281/element/f.31D0444F7C2E67A6ABAF34307918D017.d.83A7B06CB42BC54E6E46E27381EFBCDB.e.61/click - {}
RESULT: {}
COMMAND: GET /session/5f6b08059b18936f131fcec9ba1c2281/element/f.31D0444F7C2E67A6ABAF34307918D017.d.83A7B06CB42BC54E6E46E27381EFBCDB.e.91/text - {}
RESULT: {}
COMMAND: POST /session/5f6b08059b18936f131fcec9ba1c2281/element/f.31D0444F7C2E67A6ABAF34307918D017.d.83A7B06CB42BC54E6E46E27381EFBCDB.e.87/click - {}
RESULT: {}
COMMAND: GET /session/5f6b08059b18936f131fcec9ba1c2281/element/f.31D0444F7C2E67A6ABAF34307918D017.d.83A7B06CB42BC54E6E46E27381EFBCDB.e.102/text - {}
RESULT: {}
]]></system-out>
    </testcase>
    <testcase classname="chrome.146_0_7680_165.mac.UC-1_Product_Details_Verification" name="The item should be added to the cart from the Details Page" time="0.654">
      <system-out><![CDATA[
COMMAND: POST /session/5f6b08059b18936f131fcec9ba1c2281/element/f.31D0444F7C2E67A6ABAF34307918D017.d.7B8B3306AEB8B7841E3BA5130A938CDD.e.104/clear - {}
RESULT: {}
COMMAND: POST /session/5f6b08059b18936f131fcec9ba1c2281/element/f.31D0444F7C2E67A6ABAF34307918D017.d.7B8B3306AEB8B7841E3BA5130A938CDD.e.104/value - {"text":"standard_user"}
RESULT: {"text":"standard_user"}
COMMAND: POST /session/5f6b08059b18936f131fcec9ba1c2281/element/f.31D0444F7C2E67A6ABAF34307918D017.d.7B8B3306AEB8B7841E3BA5130A938CDD.e.105/clear - {}
RESULT: {}
COMMAND: POST /session/5f6b08059b18936f131fcec9ba1c2281/element/f.31D0444F7C2E67A6ABAF34307918D017.d.7B8B3306AEB8B7841E3BA5130A938CDD.e.105/value - {"text":"secret_sauce"}
RESULT: {"text":"secret_sauce"}
COMMAND: POST /session/5f6b08059b18936f131fcec9ba1c2281/element/f.31D0444F7C2E67A6ABAF34307918D017.d.7B8B3306AEB8B7841E3BA5130A938CDD.e.106/click - {}
RESULT: {}
COMMAND: POST /session/5f6b08059b18936f131fcec9ba1c2281/element/f.31D0444F7C2E67A6ABAF34307918D017.d.7B8B3306AEB8B7841E3BA5130A938CDD.e.128/click - {}
RESULT: {}
COMMAND: POST /session/5f6b08059b18936f131fcec9ba1c2281/element/f.31D0444F7C2E67A6ABAF34307918D017.d.7B8B3306AEB8B7841E3BA5130A938CDD.e.138/click - {}
RESULT: {}
COMMAND: GET /session/5f6b08059b18936f131fcec9ba1c2281/element/f.31D0444F7C2E67A6ABAF34307918D017.d.7B8B3306AEB8B7841E3BA5130A938CDD.e.140/text - {}
RESULT: {}
COMMAND: GET /session/5f6b08059b18936f131fcec9ba1c2281/element/f.31D0444F7C2E67A6ABAF34307918D017.d.7B8B3306AEB8B7841E3BA5130A938CDD.e.138/text - {}
]]></system-out>
    </testcase>
  </testsuite>
  <testsuite name="UC 2 Footer Social Links" timestamp="2026-03-29T17:12:20" time="8" tests="3" failures="0" errors="0" skipped="0">
    <properties>
      <property name="specId" value="0"/>
      <property name="suiteName" value="UC-2 Footer &amp; Social Links"/>
      <property name="capabilities" value="chrome.146_0_7680_165.mac"/>
      <property name="file" value="file://./src/tests/specs/inventory.e2e.js"/>
    </properties>
    <testcase classname="chrome.146_0_7680_165.mac.UC-1_Product_Details_Verification.UC-2_Footer_&amp;_Social_Links" name="The Footer should be visible on the page" time="0.523">
      <system-out><![CDATA[
RESULT: {}
COMMAND: POST /session/5f6b08059b18936f131fcec9ba1c2281/element - {"using":"xpath","value":"//button[text()=\"Add to cart\"]"}
RESULT: {"using":"xpath","value":"//button[text()=\"Add to cart\"]"}
COMMAND: POST /session/5f6b08059b18936f131fcec9ba1c2281/element/f.31D0444F7C2E67A6ABAF34307918D017.d.2609C50B0FAC3B15D39C2483120B7A62.e.142/clear - {}
RESULT: {}
COMMAND: POST /session/5f6b08059b18936f131fcec9ba1c2281/element/f.31D0444F7C2E67A6ABAF34307918D017.d.2609C50B0FAC3B15D39C2483120B7A62.e.142/value - {"text":"standard_user"}
RESULT: {"text":"standard_user"}
COMMAND: POST /session/5f6b08059b18936f131fcec9ba1c2281/element/f.31D0444F7C2E67A6ABAF34307918D017.d.2609C50B0FAC3B15D39C2483120B7A62.e.143/clear - {}
RESULT: {}
COMMAND: POST /session/5f6b08059b18936f131fcec9ba1c2281/element/f.31D0444F7C2E67A6ABAF34307918D017.d.2609C50B0FAC3B15D39C2483120B7A62.e.143/value - {"text":"secret_sauce"}
RESULT: {"text":"secret_sauce"}
COMMAND: POST /session/5f6b08059b18936f131fcec9ba1c2281/element/f.31D0444F7C2E67A6ABAF34307918D017.d.2609C50B0FAC3B15D39C2483120B7A62.e.144/click - {}
RESULT: {}
]]></system-out>
    </testcase>
    <testcase classname="chrome.146_0_7680_165.mac.UC-1_Product_Details_Verification.UC-2_Footer_&amp;_Social_Links" name="The Twitter link should open the correct page" time="4.852">
      <system-out><![CDATA[
COMMAND: GET /session/5f6b08059b18936f131fcec9ba1c2281/element/f.31D0444F7C2E67A6ABAF34307918D017.d.7B8B3306AEB8B7841E3BA5130A938CDD.e.138/text - {}
RESULT: {}
COMMAND: POST /session/5f6b08059b18936f131fcec9ba1c2281/element/f.31D0444F7C2E67A6ABAF34307918D017.d.2330486FA0F56C6EA0BF90367205DAE9.e.174/clear - {}
RESULT: {}
COMMAND: POST /session/5f6b08059b18936f131fcec9ba1c2281/element/f.31D0444F7C2E67A6ABAF34307918D017.d.2330486FA0F56C6EA0BF90367205DAE9.e.174/value - {"text":"standard_user"}
RESULT: {"text":"standard_user"}
COMMAND: POST /session/5f6b08059b18936f131fcec9ba1c2281/element/f.31D0444F7C2E67A6ABAF34307918D017.d.2330486FA0F56C6EA0BF90367205DAE9.e.175/clear - {}
RESULT: {}
COMMAND: POST /session/5f6b08059b18936f131fcec9ba1c2281/element/f.31D0444F7C2E67A6ABAF34307918D017.d.2330486FA0F56C6EA0BF90367205DAE9.e.175/value - {"text":"secret_sauce"}
RESULT: {"text":"secret_sauce"}
COMMAND: POST /session/5f6b08059b18936f131fcec9ba1c2281/element/f.31D0444F7C2E67A6ABAF34307918D017.d.2330486FA0F56C6EA0BF90367205DAE9.e.176/click - {}
RESULT: {}
COMMAND: POST /session/5f6b08059b18936f131fcec9ba1c2281/element/f.31D0444F7C2E67A6ABAF34307918D017.d.742B7F5E10FCCC580C72D4971D6B86E9.e.199/clear - {}
RESULT: {}
COMMAND: POST /session/5f6b08059b18936f131fcec9ba1c2281/element/f.31D0444F7C2E67A6ABAF34307918D017.d.742B7F5E10FCCC580C72D4971D6B86E9.e.199/value - {"text":"standard_user"}
RESULT: {"text":"standard_user"}
COMMAND: POST /session/5f6b08059b18936f131fcec9ba1c2281/element/f.31D0444F7C2E67A6ABAF34307918D017.d.742B7F5E10FCCC580C72D4971D6B86E9.e.200/clear - {}
RESULT: {}
COMMAND: POST /session/5f6b08059b18936f131fcec9ba1c2281/element/f.31D0444F7C2E67A6ABAF34307918D017.d.742B7F5E10FCCC580C72D4971D6B86E9.e.200/value - {"text":"secret_sauce"}
RESULT: {"text":"secret_sauce"}
COMMAND: POST /session/5f6b08059b18936f131fcec9ba1c2281/element/f.31D0444F7C2E67A6ABAF34307918D017.d.742B7F5E10FCCC580C72D4971D6B86E9.e.201/click - {}
RESULT: {}
COMMAND: GET /session/5f6b08059b18936f131fcec9ba1c2281/window/handles - {}
RESULT: {}
COMMAND: POST /session/5f6b08059b18936f131fcec9ba1c2281/element/f.31D0444F7C2E67A6ABAF34307918D017.d.742B7F5E10FCCC580C72D4971D6B86E9.e.223/click - {}
COMMAND: GET /session/5f6b08059b18936f131fcec9ba1c2281/element/f.31D0444F7C2E67A6ABAF34307918D017.d.742B7F5E10FCCC580C72D4971D6B86E9.e.224/text - {}
RESULT: {}
COMMAND: GET /session/5f6b08059b18936f131fcec9ba1c2281/window/handles - {}
RESULT: {}
COMMAND: GET /session/5f6b08059b18936f131fcec9ba1c2281/element/f.31D0444F7C2E67A6ABAF34307918D017.d.742B7F5E10FCCC580C72D4971D6B86E9.e.224/text - {}
RESULT: {}
COMMAND: POST /session/5f6b08059b18936f131fcec9ba1c2281/window - {"handle":"ABBC5B56A57A4BB9980BCE9229550BD4"}
RESULT: {}
RESULT: {"handle":"ABBC5B56A57A4BB9980BCE9229550BD4"}
COMMAND: GET /session/5f6b08059b18936f131fcec9ba1c2281/url - {}
COMMAND: GET /session/5f6b08059b18936f131fcec9ba1c2281/element/f.31D0444F7C2E67A6ABAF34307918D017.d.742B7F5E10FCCC580C72D4971D6B86E9.e.224/text - {}
RESULT: {}
COMMAND: GET /session/5f6b08059b18936f131fcec9ba1c2281/title - {}
RESULT: {}
RESULT: {}
COMMAND: GET /session/5f6b08059b18936f131fcec9ba1c2281/element/f.31D0444F7C2E67A6ABAF34307918D017.d.742B7F5E10FCCC580C72D4971D6B86E9.e.224/text - {}
COMMAND: GET /session/5f6b08059b18936f131fcec9ba1c2281/title - {}
RESULT: {}
RESULT: {}
COMMAND: GET /session/5f6b08059b18936f131fcec9ba1c2281/element/f.31D0444F7C2E67A6ABAF34307918D017.d.742B7F5E10FCCC580C72D4971D6B86E9.e.224/text - {}
COMMAND: GET /session/5f6b08059b18936f131fcec9ba1c2281/title - {}
RESULT: {}
RESULT: {}
COMMAND: GET /session/5f6b08059b18936f131fcec9ba1c2281/element/f.31D0444F7C2E67A6ABAF34307918D017.d.742B7F5E10FCCC580C72D4971D6B86E9.e.224/text - {}
COMMAND: GET /session/5f6b08059b18936f131fcec9ba1c2281/title - {}
RESULT: {}
RESULT: {}
COMMAND: GET /session/5f6b08059b18936f131fcec9ba1c2281/element/f.31D0444F7C2E67A6ABAF34307918D017.d.742B7F5E10FCCC580C72D4971D6B86E9.e.224/text - {}
RESULT: {}
COMMAND: GET /session/5f6b08059b18936f131fcec9ba1c2281/title - {}
RESULT: {}
COMMAND: GET /session/5f6b08059b18936f131fcec9ba1c2281/element/f.31D0444F7C2E67A6ABAF34307918D017.d.742B7F5E10FCCC580C72D4971D6B86E9.e.224/text - {}
RESULT: {}
COMMAND: GET /session/5f6b08059b18936f131fcec9ba1c2281/title - {}
RESULT: {}
COMMAND: GET /session/5f6b08059b18936f131fcec9ba1c2281/element/f.31D0444F7C2E67A6ABAF34307918D017.d.742B7F5E10FCCC580C72D4971D6B86E9.e.224/text - {}
RESULT: {}
COMMAND: GET /session/5f6b08059b18936f131fcec9ba1c2281/title - {}
RESULT: {}
COMMAND: GET /session/5f6b08059b18936f131fcec9ba1c2281/element/f.31D0444F7C2E67A6ABAF34307918D017.d.742B7F5E10FCCC580C72D4971D6B86E9.e.224/text - {}
RESULT: {}
COMMAND: GET /session/5f6b08059b18936f131fcec9ba1c2281/title - {}
RESULT: {}
COMMAND: GET /session/5f6b08059b18936f131fcec9ba1c2281/element/f.31D0444F7C2E67A6ABAF34307918D017.d.742B7F5E10FCCC580C72D4971D6B86E9.e.224/text - {}
RESULT: {}
COMMAND: GET /session/5f6b08059b18936f131fcec9ba1c2281/title - {}
COMMAND: GET /session/5f6b08059b18936f131fcec9ba1c2281/element/f.31D0444F7C2E67A6ABAF34307918D017.d.742B7F5E10FCCC580C72D4971D6B86E9.e.224/text - {}
RESULT: {}
RESULT: {}
COMMAND: GET /session/5f6b08059b18936f131fcec9ba1c2281/title - {}
COMMAND: GET /session/5f6b08059b18936f131fcec9ba1c2281/element/f.31D0444F7C2E67A6ABAF34307918D017.d.742B7F5E10FCCC580C72D4971D6B86E9.e.224/text - {}
RESULT: {}
]]></system-out>
    </testcase>
    <testcase classname="chrome.146_0_7680_165.mac.UC-1_Product_Details_Verification.UC-2_Footer_&amp;_Social_Links" name="The Facebook link should open the correct page" time="2.624">
      <system-out><![CDATA[
RESULT: {}
COMMAND: GET /session/5f6b08059b18936f131fcec9ba1c2281/element/f.31D0444F7C2E67A6ABAF34307918D017.d.742B7F5E10FCCC580C72D4971D6B86E9.e.224/text - {}
RESULT: {}
COMMAND: GET /session/5f6b08059b18936f131fcec9ba1c2281/element/f.31D0444F7C2E67A6ABAF34307918D017.d.742B7F5E10FCCC580C72D4971D6B86E9.e.224/text - {}
RESULT: {}
COMMAND: GET /session/5f6b08059b18936f131fcec9ba1c2281/element/f.31D0444F7C2E67A6ABAF34307918D017.d.742B7F5E10FCCC580C72D4971D6B86E9.e.224/text - {}
RESULT: {}
COMMAND: GET /session/5f6b08059b18936f131fcec9ba1c2281/element/f.31D0444F7C2E67A6ABAF34307918D017.d.742B7F5E10FCCC580C72D4971D6B86E9.e.224/text - {}
RESULT: {}
COMMAND: GET /session/5f6b08059b18936f131fcec9ba1c2281/element/f.31D0444F7C2E67A6ABAF34307918D017.d.742B7F5E10FCCC580C72D4971D6B86E9.e.224/text - {}
RESULT: {}
COMMAND: GET /session/5f6b08059b18936f131fcec9ba1c2281/element/f.31D0444F7C2E67A6ABAF34307918D017.d.742B7F5E10FCCC580C72D4971D6B86E9.e.224/text - {}
RESULT: {}
COMMAND: GET /session/5f6b08059b18936f131fcec9ba1c2281/element/f.31D0444F7C2E67A6ABAF34307918D017.d.742B7F5E10FCCC580C72D4971D6B86E9.e.224/text - {}
RESULT: {}
COMMAND: GET /session/5f6b08059b18936f131fcec9ba1c2281/element/f.31D0444F7C2E67A6ABAF34307918D017.d.742B7F5E10FCCC580C72D4971D6B86E9.e.224/text - {}
RESULT: {}
COMMAND: GET /session/5f6b08059b18936f131fcec9ba1c2281/element/f.31D0444F7C2E67A6ABAF34307918D017.d.742B7F5E10FCCC580C72D4971D6B86E9.e.224/text - {}
RESULT: {}
COMMAND: POST /session/5f6b08059b18936f131fcec9ba1c2281/element/f.ABBC5B56A57A4BB9980BCE9229550BD4.d.C4799554F68FA31744C8288985D44C94.e.3/clear - {}
RESULT: {}
COMMAND: POST /session/5f6b08059b18936f131fcec9ba1c2281/element/f.ABBC5B56A57A4BB9980BCE9229550BD4.d.C4799554F68FA31744C8288985D44C94.e.3/value - {"text":"standard_user"}
RESULT: {"text":"standard_user"}
COMMAND: POST /session/5f6b08059b18936f131fcec9ba1c2281/element/f.ABBC5B56A57A4BB9980BCE9229550BD4.d.C4799554F68FA31744C8288985D44C94.e.4/clear - {}
RESULT: {}
COMMAND: POST /session/5f6b08059b18936f131fcec9ba1c2281/element/f.ABBC5B56A57A4BB9980BCE9229550BD4.d.C4799554F68FA31744C8288985D44C94.e.4/value - {"text":"secret_sauce"}
RESULT: {"text":"secret_sauce"}
COMMAND: POST /session/5f6b08059b18936f131fcec9ba1c2281/element/f.ABBC5B56A57A4BB9980BCE9229550BD4.d.C4799554F68FA31744C8288985D44C94.e.5/click - {}
COMMAND: GET /session/5f6b08059b18936f131fcec9ba1c2281/element/f.31D0444F7C2E67A6ABAF34307918D017.d.742B7F5E10FCCC580C72D4971D6B86E9.e.224/text - {}
RESULT: {}
RESULT: {}
COMMAND: GET /session/5f6b08059b18936f131fcec9ba1c2281/element/f.31D0444F7C2E67A6ABAF34307918D017.d.742B7F5E10FCCC580C72D4971D6B86E9.e.224/text - {}
RESULT: {}
COMMAND: GET /session/5f6b08059b18936f131fcec9ba1c2281/element/f.31D0444F7C2E67A6ABAF34307918D017.d.742B7F5E10FCCC580C72D4971D6B86E9.e.224/text - {}
RESULT: {}
COMMAND: POST /session/5f6b08059b18936f131fcec9ba1c2281/element/f.ABBC5B56A57A4BB9980BCE9229550BD4.d.A8E73E234EFFA0E372F02BBAA11F4C58.e.31/clear - {}
RESULT: {}
COMMAND: POST /session/5f6b08059b18936f131fcec9ba1c2281/element/f.ABBC5B56A57A4BB9980BCE9229550BD4.d.A8E73E234EFFA0E372F02BBAA11F4C58.e.31/value - {"text":"standard_user"}
COMMAND: GET /session/5f6b08059b18936f131fcec9ba1c2281/element/f.31D0444F7C2E67A6ABAF34307918D017.d.742B7F5E10FCCC580C72D4971D6B86E9.e.224/text - {}
RESULT: {"text":"standard_user"}
COMMAND: POST /session/5f6b08059b18936f131fcec9ba1c2281/element/f.ABBC5B56A57A4BB9980BCE9229550BD4.d.A8E73E234EFFA0E372F02BBAA11F4C58.e.32/clear - {}
RESULT: {}
RESULT: {}
COMMAND: POST /session/5f6b08059b18936f131fcec9ba1c2281/element/f.ABBC5B56A57A4BB9980BCE9229550BD4.d.A8E73E234EFFA0E372F02BBAA11F4C58.e.32/value - {"text":"secret_sauce"}
RESULT: {"text":"secret_sauce"}
COMMAND: POST /session/5f6b08059b18936f131fcec9ba1c2281/element/f.ABBC5B56A57A4BB9980BCE9229550BD4.d.A8E73E234EFFA0E372F02BBAA11F4C58.e.33/click - {}
RESULT: {}
COMMAND: GET /session/5f6b08059b18936f131fcec9ba1c2281/element/f.31D0444F7C2E67A6ABAF34307918D017.d.742B7F5E10FCCC580C72D4971D6B86E9.e.224/text - {}
RESULT: {}
COMMAND: GET /session/5f6b08059b18936f131fcec9ba1c2281/element/f.31D0444F7C2E67A6ABAF34307918D017.d.742B7F5E10FCCC580C72D4971D6B86E9.e.224/text - {}
RESULT: {}
COMMAND: GET /session/5f6b08059b18936f131fcec9ba1c2281/window/handles - {}
RESULT: {}
COMMAND: POST /session/5f6b08059b18936f131fcec9ba1c2281/element/f.ABBC5B56A57A4BB9980BCE9229550BD4.d.A8E73E234EFFA0E372F02BBAA11F4C58.e.54/click - {}
COMMAND: GET /session/5f6b08059b18936f131fcec9ba1c2281/element/f.31D0444F7C2E67A6ABAF34307918D017.d.742B7F5E10FCCC580C72D4971D6B86E9.e.224/text - {}
RESULT: {}
COMMAND: GET /session/5f6b08059b18936f131fcec9ba1c2281/window/handles - {}
RESULT: {}
COMMAND: GET /session/5f6b08059b18936f131fcec9ba1c2281/element/f.31D0444F7C2E67A6ABAF34307918D017.d.742B7F5E10FCCC580C72D4971D6B86E9.e.224/text - {}
RESULT: {}
COMMAND: POST /session/5f6b08059b18936f131fcec9ba1c2281/window - {"handle":"97E9ED83B5EAC904C89809F9DB44AD2C"}
RESULT: {}
RESULT: {"handle":"97E9ED83B5EAC904C89809F9DB44AD2C"}
COMMAND: GET /session/5f6b08059b18936f131fcec9ba1c2281/url - {}
COMMAND: GET /session/5f6b08059b18936f131fcec9ba1c2281/element/f.31D0444F7C2E67A6ABAF34307918D017.d.742B7F5E10FCCC580C72D4971D6B86E9.e.224/text - {}
RESULT: {}
COMMAND: GET /session/5f6b08059b18936f131fcec9ba1c2281/title - {}
RESULT: {}
RESULT: {}
COMMAND: DELETE /session/5f6b08059b18936f131fcec9ba1c2281 - {}
RESULT: {}
]]></system-out>
    </testcase>
  </testsuite>
</testsuites>