<?xml version="1.0" encoding="UTF-8"?>
<testsuites tests="7" failures="0" errors="0" skipped="0">
  <testsuite name="UC 1 Product Details Verification" timestamp="2026-03-29T22:50:09" time="3.659" tests="3" failures="0" errors="0" skipped="0">
    <properties>
      <property name="specId" value="0"/>
      <property name="suiteName" value="UC-1 Product Details Verification"/>
      <property name="capabilities" value="safari.26_3_1.macos"/>
      <property name="file" value="file://./src/tests/specs/inventory.e2e.js"/>
    </properties>
    <testcase classname="safari.26_3_1.macos.UC-1_Product_Details_Verification" name="The Price should match on the Details Page" time="0.839">
      <system-out><![CDATA[
COMMAND: POST /session/014925E6-F482-4A63-A67F-E9E4C62F62AB/url - {"url":"https://www.saucedemo.com/"}
RESULT: {"url":"https://www.saucedemo.com/"}
COMMAND: POST /session/014925E6-F482-4A63-A67F-E9E4C62F62AB/element - {"using":"css selector","value":"#user-name"}
RESULT: {"using":"css selector","value":"#user-name"}
COMMAND: POST /session/014925E6-F482-4A63-A67F-E9E4C62F62AB/execute/sync - {"script":"<script> [19 bytes]","args":[{"element-6066-11e4-a52e-4f735466cecf":"node-36798839-2BC1-435B-B92C-227864F5EC61","ELEMENT":"node-36798839-2BC1-435B-B92C-227864F5EC61"}]}
COMMAND: POST /session/014925E6-F482-4A63-A67F-E9E4C62F62AB/execute/sync - {"script":"<script> [19 bytes]","args":[{"element-6066-11e4-a52e-4f735466cecf":"node-36798839-2BC1-435B-B92C-227864F5EC61","ELEMENT":"node-36798839-2BC1-435B-B92C-227864F5EC61"},{"withinViewport":false,"contentVisibilityAuto":true,"opacityProperty":true,"visibilityProperty":true}]}
RESULT: {"script":"<script> [19 bytes]","args":[{"element-6066-11e4-a52e-4f735466cecf":"node-36798839-2BC1-435B-B92C-227864F5EC61","ELEMENT":"node-36798839-2BC1-435B-B92C-227864F5EC61"}]}
RESULT: {"script":"<script> [19 bytes]","args":[{"element-6066-11e4-a52e-4f735466cecf":"node-36798839-2BC1-435B-B92C-227864F5EC61","ELEMENT":"node-36798839-2BC1-435B-B92C-227864F5EC61"},{"withinViewport":false,"contentVisibilityAuto":true,"opacityProperty":true,"visibilityProperty":true}]}
COMMAND: POST /session/014925E6-F482-4A63-A67F-E9E4C62F62AB/element - {"using":"css selector","value":"#user-name"}
RESULT: {"using":"css selector","value":"#user-name"}
COMMAND: POST /session/014925E6-F482-4A63-A67F-E9E4C62F62AB/element/node-36798839-2BC1-435B-B92C-227864F5EC61/clear - {}
RESULT: {}
COMMAND: POST /session/014925E6-F482-4A63-A67F-E9E4C62F62AB/element/node-36798839-2BC1-435B-B92C-227864F5EC61/value - {"text":"standard_user"}
RESULT: {"text":"standard_user"}
COMMAND: POST /session/014925E6-F482-4A63-A67F-E9E4C62F62AB/element - {"using":"css selector","value":"#password"}
RESULT: {"using":"css selector","value":"#password"}
COMMAND: POST /session/014925E6-F482-4A63-A67F-E9E4C62F62AB/element/node-8792D656-C3B1-4395-B10D-527CF31E651E/clear - {}
RESULT: {}
COMMAND: POST /session/014925E6-F482-4A63-A67F-E9E4C62F62AB/element/node-8792D656-C3B1-4395-B10D-527CF31E651E/value - {"text":"secret_sauce"}
RESULT: {"text":"secret_sauce"}
COMMAND: POST /session/014925E6-F482-4A63-A67F-E9E4C62F62AB/element - {"using":"css selector","value":"#login-button"}
RESULT: {"using":"css selector","value":"#login-button"}
COMMAND: POST /session/014925E6-F482-4A63-A67F-E9E4C62F62AB/execute/sync - {"script":"<script> [19 bytes]","args":[{"element-6066-11e4-a52e-4f735466cecf":"node-E450C49E-9372-474D-932E-BBADD9286FD1","ELEMENT":"node-E450C49E-9372-474D-932E-BBADD9286FD1"}]}
COMMAND: POST /session/014925E6-F482-4A63-A67F-E9E4C62F62AB/execute/sync - {"script":"<script> [19 bytes]","args":[{"element-6066-11e4-a52e-4f735466cecf":"node-E450C49E-9372-474D-932E-BBADD9286FD1","ELEMENT":"node-E450C49E-9372-474D-932E-BBADD9286FD1"},{"withinViewport":false,"contentVisibilityAuto":true,"opacityProperty":true,"visibilityProperty":true}]}
RESULT: {"script":"<script> [19 bytes]","args":[{"element-6066-11e4-a52e-4f735466cecf":"node-E450C49E-9372-474D-932E-BBADD9286FD1","ELEMENT":"node-E450C49E-9372-474D-932E-BBADD9286FD1"}]}
RESULT: {"script":"<script> [19 bytes]","args":[{"element-6066-11e4-a52e-4f735466cecf":"node-E450C49E-9372-474D-932E-BBADD9286FD1","ELEMENT":"node-E450C49E-9372-474D-932E-BBADD9286FD1"},{"withinViewport":false,"contentVisibilityAuto":true,"opacityProperty":true,"visibilityProperty":true}]}
COMMAND: POST /session/014925E6-F482-4A63-A67F-E9E4C62F62AB/execute/sync - {"script":"<script> [19 bytes]","args":[{"element-6066-11e4-a52e-4f735466cecf":"node-E450C49E-9372-474D-932E-BBADD9286FD1","ELEMENT":"node-E450C49E-9372-474D-932E-BBADD9286FD1"}]}
RESULT: {"script":"<script> [19 bytes]","args":[{"element-6066-11e4-a52e-4f735466cecf":"node-E450C49E-9372-474D-932E-BBADD9286FD1","ELEMENT":"node-E450C49E-9372-474D-932E-BBADD9286FD1"}]}
COMMAND: POST /session/014925E6-F482-4A63-A67F-E9E4C62F62AB/element - {"using":"css selector","value":"#login-button"}
RESULT: {"using":"css selector","value":"#login-button"}
COMMAND: POST /session/014925E6-F482-4A63-A67F-E9E4C62F62AB/element/node-E450C49E-9372-474D-932E-BBADD9286FD1/click - {}
RESULT: {}
COMMAND: POST /session/014925E6-F482-4A63-A67F-E9E4C62F62AB/elements - {"using":"css selector","value":".inventory_item_price"}
RESULT: {"using":"css selector","value":".inventory_item_price"}
COMMAND: GET /session/014925E6-F482-4A63-A67F-E9E4C62F62AB/element/node-2AE9B70F-DE7B-47B0-B5EF-A63E3D8336E2/text - {}
RESULT: {}
COMMAND: POST /session/014925E6-F482-4A63-A67F-E9E4C62F62AB/element - {"using":"xpath","value":"//div[text()='Sauce Labs Fleece Jacket']"}
RESULT: {"using":"xpath","value":"//div[text()='Sauce Labs Fleece Jacket']"}
COMMAND: POST /session/014925E6-F482-4A63-A67F-E9E4C62F62AB/execute/sync - {"script":"<script> [19 bytes]","args":[{"element-6066-11e4-a52e-4f735466cecf":"node-35DC2589-F1CB-4C5B-BB69-FE33FBC00F76","ELEMENT":"node-35DC2589-F1CB-4C5B-BB69-FE33FBC00F76"}]}
COMMAND: POST /session/014925E6-F482-4A63-A67F-E9E4C62F62AB/execute/sync - {"script":"<script> [19 bytes]","args":[{"element-6066-11e4-a52e-4f735466cecf":"node-35DC2589-F1CB-4C5B-BB69-FE33FBC00F76","ELEMENT":"node-35DC2589-F1CB-4C5B-BB69-FE33FBC00F76"},{"withinViewport":false,"contentVisibilityAuto":true,"opacityProperty":true,"visibilityProperty":true}]}
RESULT: {"script":"<script> [19 bytes]","args":[{"element-6066-11e4-a52e-4f735466cecf":"node-35DC2589-F1CB-4C5B-BB69-FE33FBC00F76","ELEMENT":"node-35DC2589-F1CB-4C5B-BB69-FE33FBC00F76"},{"withinViewport":false,"contentVisibilityAuto":true,"opacityProperty":true,"visibilityProperty":true}]}
RESULT: {"script":"<script> [19 bytes]","args":[{"element-6066-11e4-a52e-4f735466cecf":"node-35DC2589-F1CB-4C5B-BB69-FE33FBC00F76","ELEMENT":"node-35DC2589-F1CB-4C5B-BB69-FE33FBC00F76"}]}
COMMAND: POST /session/014925E6-F482-4A63-A67F-E9E4C62F62AB/element/node-35DC2589-F1CB-4C5B-BB69-FE33FBC00F76/click - {}
RESULT: {}
COMMAND: POST /session/014925E6-F482-4A63-A67F-E9E4C62F62AB/element - {"using":"css selector","value":".inventory_details_price"}
RESULT: {"using":"css selector","value":".inventory_details_price"}
COMMAND: GET /session/014925E6-F482-4A63-A67F-E9E4C62F62AB/element/node-4B87BE87-30DE-4851-BF6E-8F6E6682DCA6/text - {}
RESULT: {}
]]></system-out>
    </testcase>
    <testcase classname="safari.26_3_1.macos.UC-1_Product_Details_Verification" name="The Description should match on the Details Page" time="0.243">
      <system-out><![CDATA[
COMMAND: POST /session/014925E6-F482-4A63-A67F-E9E4C62F62AB/url - {"url":"https://www.saucedemo.com/"}
RESULT: {"url":"https://www.saucedemo.com/"}
COMMAND: POST /session/014925E6-F482-4A63-A67F-E9E4C62F62AB/element - {"using":"css selector","value":"#user-name"}
RESULT: {"using":"css selector","value":"#user-name"}
COMMAND: POST /session/014925E6-F482-4A63-A67F-E9E4C62F62AB/execute/sync - {"script":"<script> [19 bytes]","args":[{"element-6066-11e4-a52e-4f735466cecf":"node-D8CFEAA6-EE71-489B-A8BC-522611A402ED","ELEMENT":"node-D8CFEAA6-EE71-489B-A8BC-522611A402ED"}]}
COMMAND: POST /session/014925E6-F482-4A63-A67F-E9E4C62F62AB/execute/sync - {"script":"<script> [19 bytes]","args":[{"element-6066-11e4-a52e-4f735466cecf":"node-D8CFEAA6-EE71-489B-A8BC-522611A402ED","ELEMENT":"node-D8CFEAA6-EE71-489B-A8BC-522611A402ED"},{"withinViewport":false,"contentVisibilityAuto":true,"opacityProperty":true,"visibilityProperty":true}]}
RESULT: {"script":"<script> [19 bytes]","args":[{"element-6066-11e4-a52e-4f735466cecf":"node-D8CFEAA6-EE71-489B-A8BC-522611A402ED","ELEMENT":"node-D8CFEAA6-EE71-489B-A8BC-522611A402ED"},{"withinViewport":false,"contentVisibilityAuto":true,"opacityProperty":true,"visibilityProperty":true}]}
RESULT: {"script":"<script> [19 bytes]","args":[{"element-6066-11e4-a52e-4f735466cecf":"node-D8CFEAA6-EE71-489B-A8BC-522611A402ED","ELEMENT":"node-D8CFEAA6-EE71-489B-A8BC-522611A402ED"}]}
COMMAND: POST /session/014925E6-F482-4A63-A67F-E9E4C62F62AB/element - {"using":"css selector","value":"#user-name"}
RESULT: {"using":"css selector","value":"#user-name"}
COMMAND: POST /session/014925E6-F482-4A63-A67F-E9E4C62F62AB/element/node-D8CFEAA6-EE71-489B-A8BC-522611A402ED/clear - {}
RESULT: {}
COMMAND: POST /session/014925E6-F482-4A63-A67F-E9E4C62F62AB/element/node-D8CFEAA6-EE71-489B-A8BC-522611A402ED/value - {"text":"standard_user"}
RESULT: {"text":"standard_user"}
COMMAND: POST /session/014925E6-F482-4A63-A67F-E9E4C62F62AB/element - {"using":"css selector","value":"#password"}
RESULT: {"using":"css selector","value":"#password"}
COMMAND: POST /session/014925E6-F482-4A63-A67F-E9E4C62F62AB/element/node-6D04122F-62A5-4DD7-A84F-88D3243C93BF/clear - {}
RESULT: {}
COMMAND: POST /session/014925E6-F482-4A63-A67F-E9E4C62F62AB/element/node-6D04122F-62A5-4DD7-A84F-88D3243C93BF/value - {"text":"secret_sauce"}
RESULT: {"text":"secret_sauce"}
COMMAND: POST /session/014925E6-F482-4A63-A67F-E9E4C62F62AB/element - {"using":"css selector","value":"#login-button"}
RESULT: {"using":"css selector","value":"#login-button"}
COMMAND: POST /session/014925E6-F482-4A63-A67F-E9E4C62F62AB/execute/sync - {"script":"<script> [19 bytes]","args":[{"element-6066-11e4-a52e-4f735466cecf":"node-712FD34D-4AAD-48E7-A6E8-2EFE04DC01F5","ELEMENT":"node-712FD34D-4AAD-48E7-A6E8-2EFE04DC01F5"}]}
COMMAND: POST /session/014925E6-F482-4A63-A67F-E9E4C62F62AB/execute/sync - {"script":"<script> [19 bytes]","args":[{"element-6066-11e4-a52e-4f735466cecf":"node-712FD34D-4AAD-48E7-A6E8-2EFE04DC01F5","ELEMENT":"node-712FD34D-4AAD-48E7-A6E8-2EFE04DC01F5"},{"withinViewport":false,"contentVisibilityAuto":true,"opacityProperty":true,"visibilityProperty":true}]}
RESULT: {"script":"<script> [19 bytes]","args":[{"element-6066-11e4-a52e-4f735466cecf":"node-712FD34D-4AAD-48E7-A6E8-2EFE04DC01F5","ELEMENT":"node-712FD34D-4AAD-48E7-A6E8-2EFE04DC01F5"}]}
RESULT: {"script":"<script> [19 bytes]","args":[{"element-6066-11e4-a52e-4f735466cecf":"node-712FD34D-4AAD-48E7-A6E8-2EFE04DC01F5","ELEMENT":"node-712FD34D-4AAD-48E7-A6E8-2EFE04DC01F5"},{"withinViewport":false,"contentVisibilityAuto":true,"opacityProperty":true,"visibilityProperty":true}]}
COMMAND: POST /session/014925E6-F482-4A63-A67F-E9E4C62F62AB/execute/sync - {"script":"<script> [19 bytes]","args":[{"element-6066-11e4-a52e-4f735466cecf":"node-712FD34D-4AAD-48E7-A6E8-2EFE04DC01F5","ELEMENT":"node-712FD34D-4AAD-48E7-A6E8-2EFE04DC01F5"}]}
RESULT: {"script":"<script> [19 bytes]","args":[{"element-6066-11e4-a52e-4f735466cecf":"node-712FD34D-4AAD-48E7-A6E8-2EFE04DC01F5","ELEMENT":"node-712FD34D-4AAD-48E7-A6E8-2EFE04DC01F5"}]}
COMMAND: POST /session/014925E6-F482-4A63-A67F-E9E4C62F62AB/element - {"using":"css selector","value":"#login-button"}
RESULT: {"using":"css selector","value":"#login-button"}
COMMAND: POST /session/014925E6-F482-4A63-A67F-E9E4C62F62AB/element/node-712FD34D-4AAD-48E7-A6E8-2EFE04DC01F5/click - {}
RESULT: {}
COMMAND: POST /session/014925E6-F482-4A63-A67F-E9E4C62F62AB/elements - {"using":"css selector","value":".inventory_item_desc"}
RESULT: {"using":"css selector","value":".inventory_item_desc"}
COMMAND: GET /session/014925E6-F482-4A63-A67F-E9E4C62F62AB/element/node-90D06050-BAFB-4683-8EDE-27F109F19D10/text - {}
RESULT: {}
COMMAND: POST /session/014925E6-F482-4A63-A67F-E9E4C62F62AB/element - {"using":"xpath","value":"//div[text()='Sauce Labs Fleece Jacket']"}
RESULT: {"using":"xpath","value":"//div[text()='Sauce Labs Fleece Jacket']"}
COMMAND: POST /session/014925E6-F482-4A63-A67F-E9E4C62F62AB/execute/sync - {"script":"<script> [19 bytes]","args":[{"element-6066-11e4-a52e-4f735466cecf":"node-4DBC6A43-6DA1-47CD-A377-99B95F0BC0E1","ELEMENT":"node-4DBC6A43-6DA1-47CD-A377-99B95F0BC0E1"}]}
COMMAND: POST /session/014925E6-F482-4A63-A67F-E9E4C62F62AB/execute/sync - {"script":"<script> [19 bytes]","args":[{"element-6066-11e4-a52e-4f735466cecf":"node-4DBC6A43-6DA1-47CD-A377-99B95F0BC0E1","ELEMENT":"node-4DBC6A43-6DA1-47CD-A377-99B95F0BC0E1"},{"withinViewport":false,"contentVisibilityAuto":true,"opacityProperty":true,"visibilityProperty":true}]}
RESULT: {"script":"<script> [19 bytes]","args":[{"element-6066-11e4-a52e-4f735466cecf":"node-4DBC6A43-6DA1-47CD-A377-99B95F0BC0E1","ELEMENT":"node-4DBC6A43-6DA1-47CD-A377-99B95F0BC0E1"},{"withinViewport":false,"contentVisibilityAuto":true,"opacityProperty":true,"visibilityProperty":true}]}
RESULT: {"script":"<script> [19 bytes]","args":[{"element-6066-11e4-a52e-4f735466cecf":"node-4DBC6A43-6DA1-47CD-A377-99B95F0BC0E1","ELEMENT":"node-4DBC6A43-6DA1-47CD-A377-99B95F0BC0E1"}]}
COMMAND: POST /session/014925E6-F482-4A63-A67F-E9E4C62F62AB/element/node-4DBC6A43-6DA1-47CD-A377-99B95F0BC0E1/click - {}
RESULT: {}
COMMAND: POST /session/014925E6-F482-4A63-A67F-E9E4C62F62AB/element - {"using":"css selector","value":".inventory_details_desc.large_size"}
RESULT: {"using":"css selector","value":".inventory_details_desc.large_size"}
COMMAND: GET /session/014925E6-F482-4A63-A67F-E9E4C62F62AB/element/node-9C95F369-F8DD-47FB-83FC-908E3E73A5BA/text - {}
RESULT: {}
]]></system-out>
    </testcase>
    <testcase classname="safari.26_3_1.macos.UC-1_Product_Details_Verification" name="The item should be added to the cart from the Details Page" time="0.289">
      <system-out><![CDATA[
COMMAND: POST /session/014925E6-F482-4A63-A67F-E9E4C62F62AB/url - {"url":"https://www.saucedemo.com/"}
RESULT: {"url":"https://www.saucedemo.com/"}
COMMAND: POST /session/014925E6-F482-4A63-A67F-E9E4C62F62AB/element - {"using":"css selector","value":"#user-name"}
RESULT: {"using":"css selector","value":"#user-name"}
COMMAND: POST /session/014925E6-F482-4A63-A67F-E9E4C62F62AB/execute/sync - {"script":"<script> [19 bytes]","args":[{"element-6066-11e4-a52e-4f735466cecf":"node-752343F6-B201-4209-BE2C-CBFDB16A3EE2","ELEMENT":"node-752343F6-B201-4209-BE2C-CBFDB16A3EE2"}]}
COMMAND: POST /session/014925E6-F482-4A63-A67F-E9E4C62F62AB/execute/sync - {"script":"<script> [19 bytes]","args":[{"element-6066-11e4-a52e-4f735466cecf":"node-752343F6-B201-4209-BE2C-CBFDB16A3EE2","ELEMENT":"node-752343F6-B201-4209-BE2C-CBFDB16A3EE2"},{"withinViewport":false,"contentVisibilityAuto":true,"opacityProperty":true,"visibilityProperty":true}]}
RESULT: {"script":"<script> [19 bytes]","args":[{"element-6066-11e4-a52e-4f735466cecf":"node-752343F6-B201-4209-BE2C-CBFDB16A3EE2","ELEMENT":"node-752343F6-B201-4209-BE2C-CBFDB16A3EE2"},{"withinViewport":false,"contentVisibilityAuto":true,"opacityProperty":true,"visibilityProperty":true}]}
RESULT: {"script":"<script> [19 bytes]","args":[{"element-6066-11e4-a52e-4f735466cecf":"node-752343F6-B201-4209-BE2C-CBFDB16A3EE2","ELEMENT":"node-752343F6-B201-4209-BE2C-CBFDB16A3EE2"}]}
COMMAND: POST /session/014925E6-F482-4A63-A67F-E9E4C62F62AB/element - {"using":"css selector","value":"#user-name"}
RESULT: {"using":"css selector","value":"#user-name"}
COMMAND: POST /session/014925E6-F482-4A63-A67F-E9E4C62F62AB/element/node-752343F6-B201-4209-BE2C-CBFDB16A3EE2/clear - {}
RESULT: {}
COMMAND: POST /session/014925E6-F482-4A63-A67F-E9E4C62F62AB/element/node-752343F6-B201-4209-BE2C-CBFDB16A3EE2/value - {"text":"standard_user"}
RESULT: {"text":"standard_user"}
COMMAND: POST /session/014925E6-F482-4A63-A67F-E9E4C62F62AB/element - {"using":"css selector","value":"#password"}
RESULT: {"using":"css selector","value":"#password"}
COMMAND: POST /session/014925E6-F482-4A63-A67F-E9E4C62F62AB/element/node-48368E3C-C071-488E-83B6-3634A7A042E1/clear - {}
RESULT: {}
COMMAND: POST /session/014925E6-F482-4A63-A67F-E9E4C62F62AB/element/node-48368E3C-C071-488E-83B6-3634A7A042E1/value - {"text":"secret_sauce"}
RESULT: {"text":"secret_sauce"}
COMMAND: POST /session/014925E6-F482-4A63-A67F-E9E4C62F62AB/element - {"using":"css selector","value":"#login-button"}
RESULT: {"using":"css selector","value":"#login-button"}
COMMAND: POST /session/014925E6-F482-4A63-A67F-E9E4C62F62AB/execute/sync - {"script":"<script> [19 bytes]","args":[{"element-6066-11e4-a52e-4f735466cecf":"node-AFEF5DFA-0248-42B0-87FF-8D5D479FF8A8","ELEMENT":"node-AFEF5DFA-0248-42B0-87FF-8D5D479FF8A8"}]}
COMMAND: POST /session/014925E6-F482-4A63-A67F-E9E4C62F62AB/execute/sync - {"script":"<script> [19 bytes]","args":[{"element-6066-11e4-a52e-4f735466cecf":"node-AFEF5DFA-0248-42B0-87FF-8D5D479FF8A8","ELEMENT":"node-AFEF5DFA-0248-42B0-87FF-8D5D479FF8A8"},{"withinViewport":false,"contentVisibilityAuto":true,"opacityProperty":true,"visibilityProperty":true}]}
RESULT: {"script":"<script> [19 bytes]","args":[{"element-6066-11e4-a52e-4f735466cecf":"node-AFEF5DFA-0248-42B0-87FF-8D5D479FF8A8","ELEMENT":"node-AFEF5DFA-0248-42B0-87FF-8D5D479FF8A8"},{"withinViewport":false,"contentVisibilityAuto":true,"opacityProperty":true,"visibilityProperty":true}]}
RESULT: {"script":"<script> [19 bytes]","args":[{"element-6066-11e4-a52e-4f735466cecf":"node-AFEF5DFA-0248-42B0-87FF-8D5D479FF8A8","ELEMENT":"node-AFEF5DFA-0248-42B0-87FF-8D5D479FF8A8"}]}
COMMAND: POST /session/014925E6-F482-4A63-A67F-E9E4C62F62AB/execute/sync - {"script":"<script> [19 bytes]","args":[{"element-6066-11e4-a52e-4f735466cecf":"node-AFEF5DFA-0248-42B0-87FF-8D5D479FF8A8","ELEMENT":"node-AFEF5DFA-0248-42B0-87FF-8D5D479FF8A8"}]}
RESULT: {"script":"<script> [19 bytes]","args":[{"element-6066-11e4-a52e-4f735466cecf":"node-AFEF5DFA-0248-42B0-87FF-8D5D479FF8A8","ELEMENT":"node-AFEF5DFA-0248-42B0-87FF-8D5D479FF8A8"}]}
COMMAND: POST /session/014925E6-F482-4A63-A67F-E9E4C62F62AB/element - {"using":"css selector","value":"#login-button"}
RESULT: {"using":"css selector","value":"#login-button"}
COMMAND: POST /session/014925E6-F482-4A63-A67F-E9E4C62F62AB/element/node-AFEF5DFA-0248-42B0-87FF-8D5D479FF8A8/click - {}
RESULT: {}
COMMAND: POST /session/014925E6-F482-4A63-A67F-E9E4C62F62AB/element - {"using":"xpath","value":"//div[text()='Sauce Labs Fleece Jacket']"}
RESULT: {"using":"xpath","value":"//div[text()='Sauce Labs Fleece Jacket']"}
COMMAND: POST /session/014925E6-F482-4A63-A67F-E9E4C62F62AB/execute/sync - {"script":"<script> [19 bytes]","args":[{"element-6066-11e4-a52e-4f735466cecf":"node-0E837239-FD63-4C55-849E-45ABB9ACBD3E","ELEMENT":"node-0E837239-FD63-4C55-849E-45ABB9ACBD3E"}]}
COMMAND: POST /session/014925E6-F482-4A63-A67F-E9E4C62F62AB/execute/sync - {"script":"<script> [19 bytes]","args":[{"element-6066-11e4-a52e-4f735466cecf":"node-0E837239-FD63-4C55-849E-45ABB9ACBD3E","ELEMENT":"node-0E837239-FD63-4C55-849E-45ABB9ACBD3E"},{"withinViewport":false,"contentVisibilityAuto":true,"opacityProperty":true,"visibilityProperty":true}]}
RESULT: {"script":"<script> [19 bytes]","args":[{"element-6066-11e4-a52e-4f735466cecf":"node-0E837239-FD63-4C55-849E-45ABB9ACBD3E","ELEMENT":"node-0E837239-FD63-4C55-849E-45ABB9ACBD3E"}]}
RESULT: {"script":"<script> [19 bytes]","args":[{"element-6066-11e4-a52e-4f735466cecf":"node-0E837239-FD63-4C55-849E-45ABB9ACBD3E","ELEMENT":"node-0E837239-FD63-4C55-849E-45ABB9ACBD3E"},{"withinViewport":false,"contentVisibilityAuto":true,"opacityProperty":true,"visibilityProperty":true}]}
COMMAND: POST /session/014925E6-F482-4A63-A67F-E9E4C62F62AB/element/node-0E837239-FD63-4C55-849E-45ABB9ACBD3E/click - {}
RESULT: {}
COMMAND: POST /session/014925E6-F482-4A63-A67F-E9E4C62F62AB/element - {"using":"xpath","value":"//button[text()=\"Add to cart\"]"}
RESULT: {"using":"xpath","value":"//button[text()=\"Add to cart\"]"}
COMMAND: POST /session/014925E6-F482-4A63-A67F-E9E4C62F62AB/execute/sync - {"script":"<script> [19 bytes]","args":[{"element-6066-11e4-a52e-4f735466cecf":"node-D68DB67D-6DFC-44A5-B6AC-56736090E23D","ELEMENT":"node-D68DB67D-6DFC-44A5-B6AC-56736090E23D"}]}
COMMAND: POST /session/014925E6-F482-4A63-A67F-E9E4C62F62AB/execute/sync - {"script":"<script> [19 bytes]","args":[{"element-6066-11e4-a52e-4f735466cecf":"node-D68DB67D-6DFC-44A5-B6AC-56736090E23D","ELEMENT":"node-D68DB67D-6DFC-44A5-B6AC-56736090E23D"},{"withinViewport":false,"contentVisibilityAuto":true,"opacityProperty":true,"visibilityProperty":true}]}
RESULT: {"script":"<script> [19 bytes]","args":[{"element-6066-11e4-a52e-4f735466cecf":"node-D68DB67D-6DFC-44A5-B6AC-56736090E23D","ELEMENT":"node-D68DB67D-6DFC-44A5-B6AC-56736090E23D"}]}
RESULT: {"script":"<script> [19 bytes]","args":[{"element-6066-11e4-a52e-4f735466cecf":"node-D68DB67D-6DFC-44A5-B6AC-56736090E23D","ELEMENT":"node-D68DB67D-6DFC-44A5-B6AC-56736090E23D"},{"withinViewport":false,"contentVisibilityAuto":true,"opacityProperty":true,"visibilityProperty":true}]}
COMMAND: POST /session/014925E6-F482-4A63-A67F-E9E4C62F62AB/element/node-D68DB67D-6DFC-44A5-B6AC-56736090E23D/click - {}
RESULT: {}
COMMAND: POST /session/014925E6-F482-4A63-A67F-E9E4C62F62AB/element - {"using":"css selector","value":".shopping_cart_badge"}
RESULT: {"using":"css selector","value":".shopping_cart_badge"}
COMMAND: GET /session/014925E6-F482-4A63-A67F-E9E4C62F62AB/element/node-E5CB6720-C2C4-44FA-9A62-045717556C91/text - {}
RESULT: {}
COMMAND: POST /session/014925E6-F482-4A63-A67F-E9E4C62F62AB/element - {"using":"xpath","value":"//button[text()=\"Add to cart\"]"}
RESULT: {"using":"xpath","value":"//button[text()=\"Add to cart\"]"}
COMMAND: POST /session/014925E6-F482-4A63-A67F-E9E4C62F62AB/elements - {"using":"xpath","value":"//button[text()=\"Add to cart\"]"}
]]></system-out>
    </testcase>
  </testsuite>
  <testsuite name="UC 2 Footer Social Links" timestamp="2026-03-29T22:50:11" time="2.287" tests="4" failures="0" errors="0" skipped="0">
    <properties>
      <property name="specId" value="0"/>
      <property name="suiteName" value="UC-2 Footer &amp; Social Links"/>
      <property name="capabilities" value="safari.26_3_1.macos"/>
      <property name="file" value="file://./src/tests/specs/inventory.e2e.js"/>
    </properties>
    <testcase classname="safari.26_3_1.macos.UC-1_Product_Details_Verification.UC-2_Footer_&amp;_Social_Links" name="The Footer should be visible on the page" time="0.17">
      <system-out><![CDATA[
COMMAND: POST /session/014925E6-F482-4A63-A67F-E9E4C62F62AB/url - {"url":"https://www.saucedemo.com/"}
RESULT: {"using":"xpath","value":"//button[text()=\"Add to cart\"]"}
RESULT: {"url":"https://www.saucedemo.com/"}
COMMAND: POST /session/014925E6-F482-4A63-A67F-E9E4C62F62AB/element - {"using":"css selector","value":"#user-name"}
RESULT: {"using":"css selector","value":"#user-name"}
COMMAND: POST /session/014925E6-F482-4A63-A67F-E9E4C62F62AB/execute/sync - {"script":"<script> [19 bytes]","args":[{"element-6066-11e4-a52e-4f735466cecf":"node-0E1B7081-F8D2-4C74-A97C-72453DA974D6","ELEMENT":"node-0E1B7081-F8D2-4C74-A97C-72453DA974D6"}]}
COMMAND: POST /session/014925E6-F482-4A63-A67F-E9E4C62F62AB/execute/sync - {"script":"<script> [19 bytes]","args":[{"element-6066-11e4-a52e-4f735466cecf":"node-0E1B7081-F8D2-4C74-A97C-72453DA974D6","ELEMENT":"node-0E1B7081-F8D2-4C74-A97C-72453DA974D6"},{"withinViewport":false,"contentVisibilityAuto":true,"opacityProperty":true,"visibilityProperty":true}]}
RESULT: {"script":"<script> [19 bytes]","args":[{"element-6066-11e4-a52e-4f735466cecf":"node-0E1B7081-F8D2-4C74-A97C-72453DA974D6","ELEMENT":"node-0E1B7081-F8D2-4C74-A97C-72453DA974D6"}]}
RESULT: {"script":"<script> [19 bytes]","args":[{"element-6066-11e4-a52e-4f735466cecf":"node-0E1B7081-F8D2-4C74-A97C-72453DA974D6","ELEMENT":"node-0E1B7081-F8D2-4C74-A97C-72453DA974D6"},{"withinViewport":false,"contentVisibilityAuto":true,"opacityProperty":true,"visibilityProperty":true}]}
COMMAND: POST /session/014925E6-F482-4A63-A67F-E9E4C62F62AB/element - {"using":"css selector","value":"#user-name"}
RESULT: {"using":"css selector","value":"#user-name"}
COMMAND: POST /session/014925E6-F482-4A63-A67F-E9E4C62F62AB/element/node-0E1B7081-F8D2-4C74-A97C-72453DA974D6/clear - {}
RESULT: {}
COMMAND: POST /session/014925E6-F482-4A63-A67F-E9E4C62F62AB/element/node-0E1B7081-F8D2-4C74-A97C-72453DA974D6/value - {"text":"standard_user"}
RESULT: {"text":"standard_user"}
COMMAND: POST /session/014925E6-F482-4A63-A67F-E9E4C62F62AB/element - {"using":"css selector","value":"#password"}
RESULT: {"using":"css selector","value":"#password"}
COMMAND: POST /session/014925E6-F482-4A63-A67F-E9E4C62F62AB/element/node-407CE014-4513-420E-B131-9815699ED1D7/clear - {}
RESULT: {}
COMMAND: POST /session/014925E6-F482-4A63-A67F-E9E4C62F62AB/element/node-407CE014-4513-420E-B131-9815699ED1D7/value - {"text":"secret_sauce"}
COMMAND: POST /session/014925E6-F482-4A63-A67F-E9E4C62F62AB/elements - {"using":"xpath","value":"//button[text()=\"Add to cart\"]"}
RESULT: {"text":"secret_sauce"}
COMMAND: POST /session/014925E6-F482-4A63-A67F-E9E4C62F62AB/element - {"using":"css selector","value":"#login-button"}
RESULT: {"using":"xpath","value":"//button[text()=\"Add to cart\"]"}
RESULT: {"using":"css selector","value":"#login-button"}
COMMAND: POST /session/014925E6-F482-4A63-A67F-E9E4C62F62AB/execute/sync - {"script":"<script> [19 bytes]","args":[{"element-6066-11e4-a52e-4f735466cecf":"node-1660A759-2E6D-498A-907E-7EB44360017F","ELEMENT":"node-1660A759-2E6D-498A-907E-7EB44360017F"}]}
COMMAND: POST /session/014925E6-F482-4A63-A67F-E9E4C62F62AB/execute/sync - {"script":"<script> [19 bytes]","args":[{"element-6066-11e4-a52e-4f735466cecf":"node-1660A759-2E6D-498A-907E-7EB44360017F","ELEMENT":"node-1660A759-2E6D-498A-907E-7EB44360017F"},{"withinViewport":false,"contentVisibilityAuto":true,"opacityProperty":true,"visibilityProperty":true}]}
RESULT: {"script":"<script> [19 bytes]","args":[{"element-6066-11e4-a52e-4f735466cecf":"node-1660A759-2E6D-498A-907E-7EB44360017F","ELEMENT":"node-1660A759-2E6D-498A-907E-7EB44360017F"}]}
RESULT: {"script":"<script> [19 bytes]","args":[{"element-6066-11e4-a52e-4f735466cecf":"node-1660A759-2E6D-498A-907E-7EB44360017F","ELEMENT":"node-1660A759-2E6D-498A-907E-7EB44360017F"},{"withinViewport":false,"contentVisibilityAuto":true,"opacityProperty":true,"visibilityProperty":true}]}
COMMAND: POST /session/014925E6-F482-4A63-A67F-E9E4C62F62AB/execute/sync - {"script":"<script> [19 bytes]","args":[{"element-6066-11e4-a52e-4f735466cecf":"node-1660A759-2E6D-498A-907E-7EB44360017F","ELEMENT":"node-1660A759-2E6D-498A-907E-7EB44360017F"}]}
RESULT: {"script":"<script> [19 bytes]","args":[{"element-6066-11e4-a52e-4f735466cecf":"node-1660A759-2E6D-498A-907E-7EB44360017F","ELEMENT":"node-1660A759-2E6D-498A-907E-7EB44360017F"}]}
COMMAND: POST /session/014925E6-F482-4A63-A67F-E9E4C62F62AB/element - {"using":"css selector","value":"#login-button"}
RESULT: {"using":"css selector","value":"#login-button"}
COMMAND: POST /session/014925E6-F482-4A63-A67F-E9E4C62F62AB/element/node-1660A759-2E6D-498A-907E-7EB44360017F/click - {}
RESULT: {}
COMMAND: POST /session/014925E6-F482-4A63-A67F-E9E4C62F62AB/element - {"using":"css selector","value":".footer"}
RESULT: {"using":"css selector","value":".footer"}
COMMAND: POST /session/014925E6-F482-4A63-A67F-E9E4C62F62AB/execute/sync - {"script":"<script> [19 bytes]","args":[{"element-6066-11e4-a52e-4f735466cecf":"node-63EBADF6-024F-48DD-A8ED-96962B60D8FB","ELEMENT":"node-63EBADF6-024F-48DD-A8ED-96962B60D8FB"}]}
COMMAND: POST /session/014925E6-F482-4A63-A67F-E9E4C62F62AB/execute/sync - {"script":"<script> [19 bytes]","args":[{"element-6066-11e4-a52e-4f735466cecf":"node-63EBADF6-024F-48DD-A8ED-96962B60D8FB","ELEMENT":"node-63EBADF6-024F-48DD-A8ED-96962B60D8FB"},{"withinViewport":false,"contentVisibilityAuto":true,"opacityProperty":true,"visibilityProperty":true}]}
RESULT: {"script":"<script> [19 bytes]","args":[{"element-6066-11e4-a52e-4f735466cecf":"node-63EBADF6-024F-48DD-A8ED-96962B60D8FB","ELEMENT":"node-63EBADF6-024F-48DD-A8ED-96962B60D8FB"},{"withinViewport":false,"contentVisibilityAuto":true,"opacityProperty":true,"visibilityProperty":true}]}
RESULT: {"script":"<script> [19 bytes]","args":[{"element-6066-11e4-a52e-4f735466cecf":"node-63EBADF6-024F-48DD-A8ED-96962B60D8FB","ELEMENT":"node-63EBADF6-024F-48DD-A8ED-96962B60D8FB"}]}
]]></system-out>
    </testcase>
    <testcase classname="safari.26_3_1.macos.UC-1_Product_Details_Verification.UC-2_Footer_&amp;_Social_Links" name="The Twitter link should open the correct page" time="1.54">
      <system-out><![CDATA[
COMMAND: POST /session/014925E6-F482-4A63-A67F-E9E4C62F62AB/url - {"url":"https://www.saucedemo.com/"}
RESULT: {"url":"https://www.saucedemo.com/"}
COMMAND: POST /session/014925E6-F482-4A63-A67F-E9E4C62F62AB/element - {"using":"css selector","value":"#user-name"}
RESULT: {"using":"css selector","value":"#user-name"}
COMMAND: POST /session/014925E6-F482-4A63-A67F-E9E4C62F62AB/execute/sync - {"script":"<script> [19 bytes]","args":[{"element-6066-11e4-a52e-4f735466cecf":"node-D633A044-8C32-442A-9CD3-8F237BC98438","ELEMENT":"node-D633A044-8C32-442A-9CD3-8F237BC98438"}]}
COMMAND: POST /session/014925E6-F482-4A63-A67F-E9E4C62F62AB/execute/sync - {"script":"<script> [19 bytes]","args":[{"element-6066-11e4-a52e-4f735466cecf":"node-D633A044-8C32-442A-9CD3-8F237BC98438","ELEMENT":"node-D633A044-8C32-442A-9CD3-8F237BC98438"},{"withinViewport":false,"contentVisibilityAuto":true,"opacityProperty":true,"visibilityProperty":true}]}
RESULT: {"script":"<script> [19 bytes]","args":[{"element-6066-11e4-a52e-4f735466cecf":"node-D633A044-8C32-442A-9CD3-8F237BC98438","ELEMENT":"node-D633A044-8C32-442A-9CD3-8F237BC98438"}]}
COMMAND: POST /session/014925E6-F482-4A63-A67F-E9E4C62F62AB/elements - {"using":"xpath","value":"//button[text()=\"Add to cart\"]"}
RESULT: {"script":"<script> [19 bytes]","args":[{"element-6066-11e4-a52e-4f735466cecf":"node-D633A044-8C32-442A-9CD3-8F237BC98438","ELEMENT":"node-D633A044-8C32-442A-9CD3-8F237BC98438"},{"withinViewport":false,"contentVisibilityAuto":true,"opacityProperty":true,"visibilityProperty":true}]}
COMMAND: POST /session/014925E6-F482-4A63-A67F-E9E4C62F62AB/element - {"using":"css selector","value":"#user-name"}
RESULT: {"using":"xpath","value":"//button[text()=\"Add to cart\"]"}
RESULT: {"using":"css selector","value":"#user-name"}
COMMAND: POST /session/014925E6-F482-4A63-A67F-E9E4C62F62AB/element/node-D633A044-8C32-442A-9CD3-8F237BC98438/clear - {}
RESULT: {}
COMMAND: POST /session/014925E6-F482-4A63-A67F-E9E4C62F62AB/element/node-D633A044-8C32-442A-9CD3-8F237BC98438/value - {"text":"standard_user"}
RESULT: {"text":"standard_user"}
COMMAND: POST /session/014925E6-F482-4A63-A67F-E9E4C62F62AB/element - {"using":"css selector","value":"#password"}
RESULT: {"using":"css selector","value":"#password"}
COMMAND: POST /session/014925E6-F482-4A63-A67F-E9E4C62F62AB/element/node-F0BEB40D-B7C0-4070-B59F-E56F80F78C52/clear - {}
RESULT: {}
COMMAND: POST /session/014925E6-F482-4A63-A67F-E9E4C62F62AB/element/node-F0BEB40D-B7C0-4070-B59F-E56F80F78C52/value - {"text":"secret_sauce"}
RESULT: {"text":"secret_sauce"}
COMMAND: POST /session/014925E6-F482-4A63-A67F-E9E4C62F62AB/element - {"using":"css selector","value":"#login-button"}
RESULT: {"using":"css selector","value":"#login-button"}
COMMAND: POST /session/014925E6-F482-4A63-A67F-E9E4C62F62AB/execute/sync - {"script":"<script> [19 bytes]","args":[{"element-6066-11e4-a52e-4f735466cecf":"node-9B5DB0B8-01E5-441A-9555-229E373D2102","ELEMENT":"node-9B5DB0B8-01E5-441A-9555-229E373D2102"}]}
COMMAND: POST /session/014925E6-F482-4A63-A67F-E9E4C62F62AB/execute/sync - {"script":"<script> [19 bytes]","args":[{"element-6066-11e4-a52e-4f735466cecf":"node-9B5DB0B8-01E5-441A-9555-229E373D2102","ELEMENT":"node-9B5DB0B8-01E5-441A-9555-229E373D2102"},{"withinViewport":false,"contentVisibilityAuto":true,"opacityProperty":true,"visibilityProperty":true}]}
COMMAND: POST /session/014925E6-F482-4A63-A67F-E9E4C62F62AB/elements - {"using":"xpath","value":"//button[text()=\"Add to cart\"]"}
RESULT: {"script":"<script> [19 bytes]","args":[{"element-6066-11e4-a52e-4f735466cecf":"node-9B5DB0B8-01E5-441A-9555-229E373D2102","ELEMENT":"node-9B5DB0B8-01E5-441A-9555-229E373D2102"}]}
RESULT: {"script":"<script> [19 bytes]","args":[{"element-6066-11e4-a52e-4f735466cecf":"node-9B5DB0B8-01E5-441A-9555-229E373D2102","ELEMENT":"node-9B5DB0B8-01E5-441A-9555-229E373D2102"},{"withinViewport":false,"contentVisibilityAuto":true,"opacityProperty":true,"visibilityProperty":true}]}
COMMAND: POST /session/014925E6-F482-4A63-A67F-E9E4C62F62AB/execute/sync - {"script":"<script> [19 bytes]","args":[{"element-6066-11e4-a52e-4f735466cecf":"node-9B5DB0B8-01E5-441A-9555-229E373D2102","ELEMENT":"node-9B5DB0B8-01E5-441A-9555-229E373D2102"}]}
RESULT: {"using":"xpath","value":"//button[text()=\"Add to cart\"]"}
RESULT: {"script":"<script> [19 bytes]","args":[{"element-6066-11e4-a52e-4f735466cecf":"node-9B5DB0B8-01E5-441A-9555-229E373D2102","ELEMENT":"node-9B5DB0B8-01E5-441A-9555-229E373D2102"}]}
COMMAND: POST /session/014925E6-F482-4A63-A67F-E9E4C62F62AB/element - {"using":"css selector","value":"#login-button"}
RESULT: {"using":"css selector","value":"#login-button"}
COMMAND: POST /session/014925E6-F482-4A63-A67F-E9E4C62F62AB/element/node-9B5DB0B8-01E5-441A-9555-229E373D2102/click - {}
RESULT: {}
COMMAND: GET /session/014925E6-F482-4A63-A67F-E9E4C62F62AB/window/handles - {}
RESULT: {}
COMMAND: POST /session/014925E6-F482-4A63-A67F-E9E4C62F62AB/element - {"using":"css selector","value":"a[href=\"https://twitter.com/saucelabs\"]"}
RESULT: {"using":"css selector","value":"a[href=\"https://twitter.com/saucelabs\"]"}
COMMAND: POST /session/014925E6-F482-4A63-A67F-E9E4C62F62AB/execute/sync - {"script":"<script> [19 bytes]","args":[{"element-6066-11e4-a52e-4f735466cecf":"node-5E384BE2-5BF0-4F39-ABA9-0E02C62BF77F","ELEMENT":"node-5E384BE2-5BF0-4F39-ABA9-0E02C62BF77F"}]}
COMMAND: POST /session/014925E6-F482-4A63-A67F-E9E4C62F62AB/execute/sync - {"script":"<script> [19 bytes]","args":[{"element-6066-11e4-a52e-4f735466cecf":"node-5E384BE2-5BF0-4F39-ABA9-0E02C62BF77F","ELEMENT":"node-5E384BE2-5BF0-4F39-ABA9-0E02C62BF77F"},{"withinViewport":false,"contentVisibilityAuto":true,"opacityProperty":true,"visibilityProperty":true}]}
RESULT: {"script":"<script> [19 bytes]","args":[{"element-6066-11e4-a52e-4f735466cecf":"node-5E384BE2-5BF0-4F39-ABA9-0E02C62BF77F","ELEMENT":"node-5E384BE2-5BF0-4F39-ABA9-0E02C62BF77F"}]}
RESULT: {"script":"<script> [19 bytes]","args":[{"element-6066-11e4-a52e-4f735466cecf":"node-5E384BE2-5BF0-4F39-ABA9-0E02C62BF77F","ELEMENT":"node-5E384BE2-5BF0-4F39-ABA9-0E02C62BF77F"},{"withinViewport":false,"contentVisibilityAuto":true,"opacityProperty":true,"visibilityProperty":true}]}
COMMAND: POST /session/014925E6-F482-4A63-A67F-E9E4C62F62AB/element/node-5E384BE2-5BF0-4F39-ABA9-0E02C62BF77F/click - {}
RESULT: {}
COMMAND: GET /session/014925E6-F482-4A63-A67F-E9E4C62F62AB/window/handles - {}
RESULT: {}
COMMAND: POST /session/014925E6-F482-4A63-A67F-E9E4C62F62AB/window - {"handle":"page-CDA2DB1A-FBA8-4A28-8A23-6B77F8D6D501"}
COMMAND: POST /session/014925E6-F482-4A63-A67F-E9E4C62F62AB/elements - {"using":"xpath","value":"//button[text()=\"Add to cart\"]"}
RESULT: {"handle":"page-CDA2DB1A-FBA8-4A28-8A23-6B77F8D6D501"}
COMMAND: GET /session/014925E6-F482-4A63-A67F-E9E4C62F62AB/url - {}
RESULT: {"using":"xpath","value":"//button[text()=\"Add to cart\"]"}
RESULT: {}
COMMAND: POST /session/014925E6-F482-4A63-A67F-E9E4C62F62AB/elements - {"using":"xpath","value":"//button[text()=\"Add to cart\"]"}
RESULT: {"using":"xpath","value":"//button[text()=\"Add to cart\"]"}
COMMAND: GET /session/014925E6-F482-4A63-A67F-E9E4C62F62AB/url - {}
RESULT: {}
COMMAND: POST /session/014925E6-F482-4A63-A67F-E9E4C62F62AB/elements - {"using":"xpath","value":"//button[text()=\"Add to cart\"]"}
RESULT: {"using":"xpath","value":"//button[text()=\"Add to cart\"]"}
COMMAND: GET /session/014925E6-F482-4A63-A67F-E9E4C62F62AB/url - {}
RESULT: {}
COMMAND: POST /session/014925E6-F482-4A63-A67F-E9E4C62F62AB/elements - {"using":"xpath","value":"//button[text()=\"Add to cart\"]"}
RESULT: {"using":"xpath","value":"//button[text()=\"Add to cart\"]"}
COMMAND: GET /session/014925E6-F482-4A63-A67F-E9E4C62F62AB/url - {}
RESULT: {}
COMMAND: POST /session/014925E6-F482-4A63-A67F-E9E4C62F62AB/elements - {"using":"xpath","value":"//button[text()=\"Add to cart\"]"}
RESULT: {"using":"xpath","value":"//button[text()=\"Add to cart\"]"}
COMMAND: GET /session/014925E6-F482-4A63-A67F-E9E4C62F62AB/url - {}
RESULT: {}
COMMAND: POST /session/014925E6-F482-4A63-A67F-E9E4C62F62AB/elements - {"using":"xpath","value":"//button[text()=\"Add to cart\"]"}
RESULT: {"using":"xpath","value":"//button[text()=\"Add to cart\"]"}
COMMAND: GET /session/014925E6-F482-4A63-A67F-E9E4C62F62AB/url - {}
RESULT: {}
COMMAND: POST /session/014925E6-F482-4A63-A67F-E9E4C62F62AB/elements - {"using":"xpath","value":"//button[text()=\"Add to cart\"]"}
RESULT: {"using":"xpath","value":"//button[text()=\"Add to cart\"]"}
COMMAND: GET /session/014925E6-F482-4A63-A67F-E9E4C62F62AB/url - {}
RESULT: {}
COMMAND: POST /session/014925E6-F482-4A63-A67F-E9E4C62F62AB/elements - {"using":"xpath","value":"//button[text()=\"Add to cart\"]"}
RESULT: {"using":"xpath","value":"//button[text()=\"Add to cart\"]"}
COMMAND: GET /session/014925E6-F482-4A63-A67F-E9E4C62F62AB/url - {}
RESULT: {}
COMMAND: POST /session/014925E6-F482-4A63-A67F-E9E4C62F62AB/elements - {"using":"xpath","value":"//button[text()=\"Add to cart\"]"}
RESULT: {"using":"xpath","value":"//button[text()=\"Add to cart\"]"}
COMMAND: GET /session/014925E6-F482-4A63-A67F-E9E4C62F62AB/url - {}
RESULT: {}
COMMAND: POST /session/014925E6-F482-4A63-A67F-E9E4C62F62AB/elements - {"using":"xpath","value":"//button[text()=\"Add to cart\"]"}
RESULT: {"using":"xpath","value":"//button[text()=\"Add to cart\"]"}
COMMAND: GET /session/014925E6-F482-4A63-A67F-E9E4C62F62AB/url - {}
RESULT: {}
COMMAND: POST /session/014925E6-F482-4A63-A67F-E9E4C62F62AB/elements - {"using":"xpath","value":"//button[text()=\"Add to cart\"]"}
RESULT: {"using":"xpath","value":"//button[text()=\"Add to cart\"]"}
COMMAND: GET /session/014925E6-F482-4A63-A67F-E9E4C62F62AB/url - {}
COMMAND: POST /session/014925E6-F482-4A63-A67F-E9E4C62F62AB/elements - {"using":"xpath","value":"//button[text()=\"Add to cart\"]"}
RESULT: {}
RESULT: {"using":"xpath","value":"//button[text()=\"Add to cart\"]"}
COMMAND: POST /session/014925E6-F482-4A63-A67F-E9E4C62F62AB/elements - {"using":"xpath","value":"//button[text()=\"Add to cart\"]"}
COMMAND: GET /session/014925E6-F482-4A63-A67F-E9E4C62F62AB/url - {}
RESULT: {}
RESULT: {"using":"xpath","value":"//button[text()=\"Add to cart\"]"}
COMMAND: POST /session/014925E6-F482-4A63-A67F-E9E4C62F62AB/elements - {"using":"xpath","value":"//button[text()=\"Add to cart\"]"}
COMMAND: GET /session/014925E6-F482-4A63-A67F-E9E4C62F62AB/url - {}
RESULT: {"using":"xpath","value":"//button[text()=\"Add to cart\"]"}
RESULT: {}
]]></system-out>
    </testcase>
    <testcase classname="safari.26_3_1.macos.UC-1_Product_Details_Verification.UC-2_Footer_&amp;_Social_Links" name="The Facebook link should open the correct page" time="0.301">
      <system-out><![CDATA[
COMMAND: POST /session/014925E6-F482-4A63-A67F-E9E4C62F62AB/url - {"url":"https://www.saucedemo.com/"}
RESULT: {"url":"https://www.saucedemo.com/"}
COMMAND: POST /session/014925E6-F482-4A63-A67F-E9E4C62F62AB/element - {"using":"css selector","value":"#user-name"}
RESULT: {"using":"css selector","value":"#user-name"}
COMMAND: POST /session/014925E6-F482-4A63-A67F-E9E4C62F62AB/element - {"using":"css selector","value":"#user-name"}
RESULT: {"using":"css selector","value":"#user-name"}
COMMAND: POST /session/014925E6-F482-4A63-A67F-E9E4C62F62AB/execute/sync - {"script":"<script> [19 bytes]","args":[{"element-6066-11e4-a52e-4f735466cecf":"node-8C40BFB9-224D-42CD-9B79-DA3182B85D1C","ELEMENT":"node-8C40BFB9-224D-42CD-9B79-DA3182B85D1C"}]}
COMMAND: POST /session/014925E6-F482-4A63-A67F-E9E4C62F62AB/execute/sync - {"script":"<script> [19 bytes]","args":[{"element-6066-11e4-a52e-4f735466cecf":"node-8C40BFB9-224D-42CD-9B79-DA3182B85D1C","ELEMENT":"node-8C40BFB9-224D-42CD-9B79-DA3182B85D1C"},{"withinViewport":false,"contentVisibilityAuto":true,"opacityProperty":true,"visibilityProperty":true}]}
RESULT: {"script":"<script> [19 bytes]","args":[{"element-6066-11e4-a52e-4f735466cecf":"node-8C40BFB9-224D-42CD-9B79-DA3182B85D1C","ELEMENT":"node-8C40BFB9-224D-42CD-9B79-DA3182B85D1C"},{"withinViewport":false,"contentVisibilityAuto":true,"opacityProperty":true,"visibilityProperty":true}]}
RESULT: {"script":"<script> [19 bytes]","args":[{"element-6066-11e4-a52e-4f735466cecf":"node-8C40BFB9-224D-42CD-9B79-DA3182B85D1C","ELEMENT":"node-8C40BFB9-224D-42CD-9B79-DA3182B85D1C"}]}
COMMAND: POST /session/014925E6-F482-4A63-A67F-E9E4C62F62AB/element - {"using":"css selector","value":"#user-name"}
RESULT: {"using":"css selector","value":"#user-name"}
COMMAND: POST /session/014925E6-F482-4A63-A67F-E9E4C62F62AB/element/node-8C40BFB9-224D-42CD-9B79-DA3182B85D1C/clear - {}
RESULT: {}
COMMAND: POST /session/014925E6-F482-4A63-A67F-E9E4C62F62AB/element/node-8C40BFB9-224D-42CD-9B79-DA3182B85D1C/value - {"text":"standard_user"}
COMMAND: POST /session/014925E6-F482-4A63-A67F-E9E4C62F62AB/elements - {"using":"xpath","value":"//button[text()=\"Add to cart\"]"}
RESULT: {"text":"standard_user"}
COMMAND: POST /session/014925E6-F482-4A63-A67F-E9E4C62F62AB/element - {"using":"css selector","value":"#password"}
RESULT: {"using":"xpath","value":"//button[text()=\"Add to cart\"]"}
RESULT: {"using":"css selector","value":"#password"}
COMMAND: POST /session/014925E6-F482-4A63-A67F-E9E4C62F62AB/element/node-39CD4884-793E-4BF2-8571-644DD319A564/clear - {}
RESULT: {}
COMMAND: POST /session/014925E6-F482-4A63-A67F-E9E4C62F62AB/element/node-39CD4884-793E-4BF2-8571-644DD319A564/value - {"text":"secret_sauce"}
RESULT: {"text":"secret_sauce"}
COMMAND: POST /session/014925E6-F482-4A63-A67F-E9E4C62F62AB/element - {"using":"css selector","value":"#login-button"}
RESULT: {"using":"css selector","value":"#login-button"}
COMMAND: POST /session/014925E6-F482-4A63-A67F-E9E4C62F62AB/execute/sync - {"script":"<script> [19 bytes]","args":[{"element-6066-11e4-a52e-4f735466cecf":"node-28268918-E132-4210-BC87-BB4D589263C5","ELEMENT":"node-28268918-E132-4210-BC87-BB4D589263C5"}]}
COMMAND: POST /session/014925E6-F482-4A63-A67F-E9E4C62F62AB/execute/sync - {"script":"<script> [19 bytes]","args":[{"element-6066-11e4-a52e-4f735466cecf":"node-28268918-E132-4210-BC87-BB4D589263C5","ELEMENT":"node-28268918-E132-4210-BC87-BB4D589263C5"},{"withinViewport":false,"contentVisibilityAuto":true,"opacityProperty":true,"visibilityProperty":true}]}
RESULT: {"script":"<script> [19 bytes]","args":[{"element-6066-11e4-a52e-4f735466cecf":"node-28268918-E132-4210-BC87-BB4D589263C5","ELEMENT":"node-28268918-E132-4210-BC87-BB4D589263C5"}]}
RESULT: {"script":"<script> [19 bytes]","args":[{"element-6066-11e4-a52e-4f735466cecf":"node-28268918-E132-4210-BC87-BB4D589263C5","ELEMENT":"node-28268918-E132-4210-BC87-BB4D589263C5"},{"withinViewport":false,"contentVisibilityAuto":true,"opacityProperty":true,"visibilityProperty":true}]}
COMMAND: POST /session/014925E6-F482-4A63-A67F-E9E4C62F62AB/execute/sync - {"script":"<script> [19 bytes]","args":[{"element-6066-11e4-a52e-4f735466cecf":"node-28268918-E132-4210-BC87-BB4D589263C5","ELEMENT":"node-28268918-E132-4210-BC87-BB4D589263C5"}]}
RESULT: {"script":"<script> [19 bytes]","args":[{"element-6066-11e4-a52e-4f735466cecf":"node-28268918-E132-4210-BC87-BB4D589263C5","ELEMENT":"node-28268918-E132-4210-BC87-BB4D589263C5"}]}
COMMAND: POST /session/014925E6-F482-4A63-A67F-E9E4C62F62AB/element - {"using":"css selector","value":"#login-button"}
RESULT: {"using":"css selector","value":"#login-button"}
COMMAND: POST /session/014925E6-F482-4A63-A67F-E9E4C62F62AB/element/node-28268918-E132-4210-BC87-BB4D589263C5/click - {}
COMMAND: POST /session/014925E6-F482-4A63-A67F-E9E4C62F62AB/elements - {"using":"xpath","value":"//button[text()=\"Add to cart\"]"}
RESULT: {}
COMMAND: GET /session/014925E6-F482-4A63-A67F-E9E4C62F62AB/window/handles - {}
RESULT: {"using":"xpath","value":"//button[text()=\"Add to cart\"]"}
COMMAND: POST /session/014925E6-F482-4A63-A67F-E9E4C62F62AB/element - {"using":"xpath","value":"//button[text()=\"Add to cart\"]"}
RESULT: {}
COMMAND: POST /session/014925E6-F482-4A63-A67F-E9E4C62F62AB/element - {"using":"css selector","value":"a[href=\"https://www.facebook.com/saucelabs\"]"}
RESULT: {"using":"xpath","value":"//button[text()=\"Add to cart\"]"}
COMMAND: POST /session/014925E6-F482-4A63-A67F-E9E4C62F62AB/element - {"using":"xpath","value":"//button[text()=\"Add to cart\"]"}
RESULT: {"using":"css selector","value":"a[href=\"https://www.facebook.com/saucelabs\"]"}
COMMAND: POST /session/014925E6-F482-4A63-A67F-E9E4C62F62AB/execute/sync - {"script":"<script> [19 bytes]","args":[{"element-6066-11e4-a52e-4f735466cecf":"node-D554F837-BCCD-409E-AB31-E9E5347B2068","ELEMENT":"node-D554F837-BCCD-409E-AB31-E9E5347B2068"}]}
COMMAND: POST /session/014925E6-F482-4A63-A67F-E9E4C62F62AB/execute/sync - {"script":"<script> [19 bytes]","args":[{"element-6066-11e4-a52e-4f735466cecf":"node-D554F837-BCCD-409E-AB31-E9E5347B2068","ELEMENT":"node-D554F837-BCCD-409E-AB31-E9E5347B2068"},{"withinViewport":false,"contentVisibilityAuto":true,"opacityProperty":true,"visibilityProperty":true}]}
RESULT: {"using":"xpath","value":"//button[text()=\"Add to cart\"]"}
COMMAND: GET /session/014925E6-F482-4A63-A67F-E9E4C62F62AB/element/node-3016DB62-4AC7-42F9-BD70-2630A47301E3/text - {}
RESULT: {"script":"<script> [19 bytes]","args":[{"element-6066-11e4-a52e-4f735466cecf":"node-D554F837-BCCD-409E-AB31-E9E5347B2068","ELEMENT":"node-D554F837-BCCD-409E-AB31-E9E5347B2068"}]}
RESULT: {"script":"<script> [19 bytes]","args":[{"element-6066-11e4-a52e-4f735466cecf":"node-D554F837-BCCD-409E-AB31-E9E5347B2068","ELEMENT":"node-D554F837-BCCD-409E-AB31-E9E5347B2068"},{"withinViewport":false,"contentVisibilityAuto":true,"opacityProperty":true,"visibilityProperty":true}]}
COMMAND: POST /session/014925E6-F482-4A63-A67F-E9E4C62F62AB/element/node-D554F837-BCCD-409E-AB31-E9E5347B2068/click - {}
RESULT: {}
RESULT: {}
COMMAND: GET /session/014925E6-F482-4A63-A67F-E9E4C62F62AB/window/handles - {}
RESULT: {}
COMMAND: POST /session/014925E6-F482-4A63-A67F-E9E4C62F62AB/window - {"handle":"page-607B079B-610A-4215-A428-1BBF8FD8C8A6"}
RESULT: {"handle":"page-607B079B-610A-4215-A428-1BBF8FD8C8A6"}
COMMAND: GET /session/014925E6-F482-4A63-A67F-E9E4C62F62AB/url - {}
RESULT: {}
]]></system-out>
    </testcase>
    <testcase classname="safari.26_3_1.macos.UC-1_Product_Details_Verification.UC-2_Footer_&amp;_Social_Links" name="The LinkedIn link should open the correct page" time="0.275">
      <system-out><![CDATA[
COMMAND: POST /session/014925E6-F482-4A63-A67F-E9E4C62F62AB/url - {"url":"https://www.saucedemo.com/"}
RESULT: {"url":"https://www.saucedemo.com/"}
COMMAND: POST /session/014925E6-F482-4A63-A67F-E9E4C62F62AB/element - {"using":"css selector","value":"#user-name"}
RESULT: {"using":"css selector","value":"#user-name"}
COMMAND: POST /session/014925E6-F482-4A63-A67F-E9E4C62F62AB/execute/sync - {"script":"<script> [19 bytes]","args":[{"element-6066-11e4-a52e-4f735466cecf":"node-F2C6AF88-B03D-4127-A834-D572120A7C08","ELEMENT":"node-F2C6AF88-B03D-4127-A834-D572120A7C08"}]}
COMMAND: POST /session/014925E6-F482-4A63-A67F-E9E4C62F62AB/execute/sync - {"script":"<script> [19 bytes]","args":[{"element-6066-11e4-a52e-4f735466cecf":"node-F2C6AF88-B03D-4127-A834-D572120A7C08","ELEMENT":"node-F2C6AF88-B03D-4127-A834-D572120A7C08"},{"withinViewport":false,"contentVisibilityAuto":true,"opacityProperty":true,"visibilityProperty":true}]}
COMMAND: GET /session/014925E6-F482-4A63-A67F-E9E4C62F62AB/element/node-3016DB62-4AC7-42F9-BD70-2630A47301E3/text - {}
RESULT: {"script":"<script> [19 bytes]","args":[{"element-6066-11e4-a52e-4f735466cecf":"node-F2C6AF88-B03D-4127-A834-D572120A7C08","ELEMENT":"node-F2C6AF88-B03D-4127-A834-D572120A7C08"},{"withinViewport":false,"contentVisibilityAuto":true,"opacityProperty":true,"visibilityProperty":true}]}
RESULT: {"script":"<script> [19 bytes]","args":[{"element-6066-11e4-a52e-4f735466cecf":"node-F2C6AF88-B03D-4127-A834-D572120A7C08","ELEMENT":"node-F2C6AF88-B03D-4127-A834-D572120A7C08"}]}
COMMAND: POST /session/014925E6-F482-4A63-A67F-E9E4C62F62AB/element - {"using":"css selector","value":"#user-name"}
RESULT: {}
COMMAND: POST /session/014925E6-F482-4A63-A67F-E9E4C62F62AB/element - {"using":"xpath","value":"//button[text()=\"Add to cart\"]"}
RESULT: {"using":"css selector","value":"#user-name"}
COMMAND: POST /session/014925E6-F482-4A63-A67F-E9E4C62F62AB/element/node-F2C6AF88-B03D-4127-A834-D572120A7C08/clear - {}
RESULT: {"using":"xpath","value":"//button[text()=\"Add to cart\"]"}
COMMAND: POST /session/014925E6-F482-4A63-A67F-E9E4C62F62AB/elements - {"using":"xpath","value":"//button[text()=\"Add to cart\"]"}
RESULT: {}
COMMAND: POST /session/014925E6-F482-4A63-A67F-E9E4C62F62AB/element/node-F2C6AF88-B03D-4127-A834-D572120A7C08/value - {"text":"standard_user"}
RESULT: {"using":"xpath","value":"//button[text()=\"Add to cart\"]"}
RESULT: {"text":"standard_user"}
COMMAND: POST /session/014925E6-F482-4A63-A67F-E9E4C62F62AB/element - {"using":"css selector","value":"#password"}
RESULT: {"using":"css selector","value":"#password"}
COMMAND: POST /session/014925E6-F482-4A63-A67F-E9E4C62F62AB/element/node-45AD68E6-3204-4585-A7EB-853A249C1DBE/clear - {}
RESULT: {}
COMMAND: POST /session/014925E6-F482-4A63-A67F-E9E4C62F62AB/element/node-45AD68E6-3204-4585-A7EB-853A249C1DBE/value - {"text":"secret_sauce"}
RESULT: {"text":"secret_sauce"}
COMMAND: POST /session/014925E6-F482-4A63-A67F-E9E4C62F62AB/element - {"using":"css selector","value":"#login-button"}
RESULT: {"using":"css selector","value":"#login-button"}
COMMAND: POST /session/014925E6-F482-4A63-A67F-E9E4C62F62AB/execute/sync - {"script":"<script> [19 bytes]","args":[{"element-6066-11e4-a52e-4f735466cecf":"node-3F45B8D7-4C48-42FD-B312-61265C731B21","ELEMENT":"node-3F45B8D7-4C48-42FD-B312-61265C731B21"}]}
COMMAND: POST /session/014925E6-F482-4A63-A67F-E9E4C62F62AB/execute/sync - {"script":"<script> [19 bytes]","args":[{"element-6066-11e4-a52e-4f735466cecf":"node-3F45B8D7-4C48-42FD-B312-61265C731B21","ELEMENT":"node-3F45B8D7-4C48-42FD-B312-61265C731B21"},{"withinViewport":false,"contentVisibilityAuto":true,"opacityProperty":true,"visibilityProperty":true}]}
COMMAND: POST /session/014925E6-F482-4A63-A67F-E9E4C62F62AB/elements - {"using":"xpath","value":"//button[text()=\"Add to cart\"]"}
RESULT: {"script":"<script> [19 bytes]","args":[{"element-6066-11e4-a52e-4f735466cecf":"node-3F45B8D7-4C48-42FD-B312-61265C731B21","ELEMENT":"node-3F45B8D7-4C48-42FD-B312-61265C731B21"}]}
RESULT: {"script":"<script> [19 bytes]","args":[{"element-6066-11e4-a52e-4f735466cecf":"node-3F45B8D7-4C48-42FD-B312-61265C731B21","ELEMENT":"node-3F45B8D7-4C48-42FD-B312-61265C731B21"},{"withinViewport":false,"contentVisibilityAuto":true,"opacityProperty":true,"visibilityProperty":true}]}
COMMAND: POST /session/014925E6-F482-4A63-A67F-E9E4C62F62AB/execute/sync - {"script":"<script> [19 bytes]","args":[{"element-6066-11e4-a52e-4f735466cecf":"node-3F45B8D7-4C48-42FD-B312-61265C731B21","ELEMENT":"node-3F45B8D7-4C48-42FD-B312-61265C731B21"}]}
RESULT: {"using":"xpath","value":"//button[text()=\"Add to cart\"]"}
RESULT: {"script":"<script> [19 bytes]","args":[{"element-6066-11e4-a52e-4f735466cecf":"node-3F45B8D7-4C48-42FD-B312-61265C731B21","ELEMENT":"node-3F45B8D7-4C48-42FD-B312-61265C731B21"}]}
COMMAND: POST /session/014925E6-F482-4A63-A67F-E9E4C62F62AB/element - {"using":"css selector","value":"#login-button"}
RESULT: {"using":"css selector","value":"#login-button"}
COMMAND: POST /session/014925E6-F482-4A63-A67F-E9E4C62F62AB/element/node-3F45B8D7-4C48-42FD-B312-61265C731B21/click - {}
RESULT: {}
COMMAND: GET /session/014925E6-F482-4A63-A67F-E9E4C62F62AB/window/handles - {}
RESULT: {}
COMMAND: POST /session/014925E6-F482-4A63-A67F-E9E4C62F62AB/element - {"using":"css selector","value":"a[href=\"https://www.linkedin.com/company/sauce-labs/\"]"}
RESULT: {"using":"css selector","value":"a[href=\"https://www.linkedin.com/company/sauce-labs/\"]"}
COMMAND: POST /session/014925E6-F482-4A63-A67F-E9E4C62F62AB/execute/sync - {"script":"<script> [19 bytes]","args":[{"element-6066-11e4-a52e-4f735466cecf":"node-C8EA88B5-5897-4A42-A8F6-74EBE5868D97","ELEMENT":"node-C8EA88B5-5897-4A42-A8F6-74EBE5868D97"}]}
COMMAND: POST /session/014925E6-F482-4A63-A67F-E9E4C62F62AB/execute/sync - {"script":"<script> [19 bytes]","args":[{"element-6066-11e4-a52e-4f735466cecf":"node-C8EA88B5-5897-4A42-A8F6-74EBE5868D97","ELEMENT":"node-C8EA88B5-5897-4A42-A8F6-74EBE5868D97"},{"withinViewport":false,"contentVisibilityAuto":true,"opacityProperty":true,"visibilityProperty":true}]}
RESULT: {"script":"<script> [19 bytes]","args":[{"element-6066-11e4-a52e-4f735466cecf":"node-C8EA88B5-5897-4A42-A8F6-74EBE5868D97","ELEMENT":"node-C8EA88B5-5897-4A42-A8F6-74EBE5868D97"},{"withinViewport":false,"contentVisibilityAuto":true,"opacityProperty":true,"visibilityProperty":true}]}
RESULT: {"script":"<script> [19 bytes]","args":[{"element-6066-11e4-a52e-4f735466cecf":"node-C8EA88B5-5897-4A42-A8F6-74EBE5868D97","ELEMENT":"node-C8EA88B5-5897-4A42-A8F6-74EBE5868D97"}]}
COMMAND: POST /session/014925E6-F482-4A63-A67F-E9E4C62F62AB/element/node-C8EA88B5-5897-4A42-A8F6-74EBE5868D97/click - {}
RESULT: {}
COMMAND: GET /session/014925E6-F482-4A63-A67F-E9E4C62F62AB/window/handles - {}
COMMAND: POST /session/014925E6-F482-4A63-A67F-E9E4C62F62AB/elements - {"using":"xpath","value":"//button[text()=\"Add to cart\"]"}
RESULT: {}
COMMAND: POST /session/014925E6-F482-4A63-A67F-E9E4C62F62AB/window - {"handle":"page-35B6E015-B69B-49A2-A61D-1131D9CE3B9C"}
RESULT: {"using":"xpath","value":"//button[text()=\"Add to cart\"]"}
COMMAND: POST /session/014925E6-F482-4A63-A67F-E9E4C62F62AB/element - {"using":"xpath","value":"//button[text()=\"Add to cart\"]"}
RESULT: {"handle":"page-35B6E015-B69B-49A2-A61D-1131D9CE3B9C"}
COMMAND: GET /session/014925E6-F482-4A63-A67F-E9E4C62F62AB/url - {}
RESULT: {"using":"xpath","value":"//button[text()=\"Add to cart\"]"}
COMMAND: POST /session/014925E6-F482-4A63-A67F-E9E4C62F62AB/element - {"using":"xpath","value":"//button[text()=\"Add to cart\"]"}
RESULT: {}
COMMAND: DELETE /session/014925E6-F482-4A63-A67F-E9E4C62F62AB - {}
RESULT: {"using":"xpath","value":"//button[text()=\"Add to cart\"]"}
COMMAND: GET /session/014925E6-F482-4A63-A67F-E9E4C62F62AB/element/node-3016DB62-4AC7-42F9-BD70-2630A47301E3/text - {}
RESULT: {}
COMMAND: POST /session/014925E6-F482-4A63-A67F-E9E4C62F62AB/elements - {"using":"xpath","value":"//button[text()=\"Add to cart\"]"}
RESULT: {"using":"xpath","value":"//button[text()=\"Add to cart\"]"}
RESULT: {}
]]></system-out>
    </testcase>
  </testsuite>
</testsuites>